2025-08-12T15:40:07.288Z | UNCAUGHT EXCEPTION | router is not defined | ReferenceError: router is not defined
    at file:///C:/Users/ASUS%20TUF%20GAMING/Desktop/FullStack%202024/Proyecto-Final/ecommerce-api/server.js:26:1
    at ModuleJob.run (node:internal/modules/esm/module_job:274:25)
    at async onImport.tracePromise.__proto__ (node:internal/modules/esm/loader:644:26)
    at async asyncRunEntryPointWithESMLoader (node:internal/modules/run_main:117:5)
2025-08-12T15:41:07.451Z | UNCAUGHT EXCEPTION | router is not defined | ReferenceError: router is not defined
    at file:///C:/Users/ASUS%20TUF%20GAMING/Desktop/FullStack%202024/Proyecto-Final/ecommerce-api/server.js:26:1
    at ModuleJob.run (node:internal/modules/esm/module_job:274:25)
    at async onImport.tracePromise.__proto__ (node:internal/modules/esm/loader:644:26)
    at async asyncRunEntryPointWithESMLoader (node:internal/modules/run_main:117:5)
2025-08-12T16:04:29.769Z | UNCAUGHT EXCEPTION | router is not defined | ReferenceError: router is not defined
    at file:///C:/Users/ASUS%20TUF%20GAMING/Desktop/FullStack%202024/Proyecto-Final/ecommerce-api/server.js:26:1
    at ModuleJob.run (node:internal/modules/esm/module_job:274:25)
    at async onImport.tracePromise.__proto__ (node:internal/modules/esm/loader:644:26)
    at async asyncRunEntryPointWithESMLoader (node:internal/modules/run_main:117:5)
2025-08-13T02:22:31.967Z | UNCAUGHT EXCEPTION | router is not defined | ReferenceError: router is not defined
    at file:///C:/Users/ASUS%20TUF%20GAMING/Desktop/FullStack%202024/Proyecto-Final/ecommerce-api/server.js:26:1
    at ModuleJob.run (node:internal/modules/esm/module_job:274:25)
    at async onImport.tracePromise.__proto__ (node:internal/modules/esm/loader:644:26)
    at async asyncRunEntryPointWithESMLoader (node:internal/modules/run_main:117:5)
2025-08-13T03:53:50.813Z | UNCAUGHT EXCEPTION | router is not defined | ReferenceError: router is not defined
    at file:///C:/Users/ASUS%20TUF%20GAMING/Desktop/FullStack%202024/Proyecto-Final/ecommerce-api/server.js:26:1
    at ModuleJob.run (node:internal/modules/esm/module_job:274:25)
    at async onImport.tracePromise.__proto__ (node:internal/modules/esm/loader:644:26)
    at async asyncRunEntryPointWithESMLoader (node:internal/modules/run_main:117:5)
2025-08-13T04:24:34.715Z | UNCAUGHT EXCEPTION | router is not defined | ReferenceError: router is not defined
    at file:///C:/Users/ASUS%20TUF%20GAMING/Desktop/FullStack%202024/Proyecto-Final/ecommerce-api/server.js:26:1
    at ModuleJob.run (node:internal/modules/esm/module_job:274:25)
    at async onImport.tracePromise.__proto__ (node:internal/modules/esm/loader:644:26)
    at async asyncRunEntryPointWithESMLoader (node:internal/modules/run_main:117:5)
2025-08-13T04:28:11.869Z | UNCAUGHT EXCEPTION | router is not defined | ReferenceError: router is not defined
    at file:///C:/Users/ASUS%20TUF%20GAMING/Desktop/FullStack%202024/Proyecto-Final/ecommerce-api/server.js:26:1
    at ModuleJob.run (node:internal/modules/esm/module_job:274:25)
    at async onImport.tracePromise.__proto__ (node:internal/modules/esm/loader:644:26)
    at async asyncRunEntryPointWithESMLoader (node:internal/modules/run_main:117:5)
2025-08-14T05:28:00.948Z | UNCAUGHT EXCEPTION | router is not defined | ReferenceError: router is not defined
    at file:///C:/Users/ASUS%20TUF%20GAMING/Desktop/FullStack%202024/Proyecto-Final/ecommerce-api/server.js:26:1
    at ModuleJob.run (node:internal/modules/esm/module_job:274:25)
    at async onImport.tracePromise.__proto__ (node:internal/modules/esm/loader:644:26)
    at async asyncRunEntryPointWithESMLoader (node:internal/modules/run_main:117:5)
2025-08-14T05:46:23.043Z | UNCAUGHT EXCEPTION | router is not defined | ReferenceError: router is not defined
    at file:///C:/Users/ASUS%20TUF%20GAMING/Desktop/FullStack%202024/Proyecto-Final/ecommerce-api/server.js:26:1
    at ModuleJob.run (node:internal/modules/esm/module_job:274:25)
    at async onImport.tracePromise.__proto__ (node:internal/modules/esm/loader:644:26)
    at async asyncRunEntryPointWithESMLoader (node:internal/modules/run_main:117:5)
2025-08-14T05:47:45.634Z | UNCAUGHT EXCEPTION | router is not defined | ReferenceError: router is not defined
    at file:///C:/Users/ASUS%20TUF%20GAMING/Desktop/FullStack%202024/Proyecto-Final/ecommerce-api/server.js:26:1
    at ModuleJob.run (node:internal/modules/esm/module_job:274:25)
    at async onImport.tracePromise.__proto__ (node:internal/modules/esm/loader:644:26)
    at async asyncRunEntryPointWithESMLoader (node:internal/modules/run_main:117:5)
2025-08-14T05:48:40.385Z | UNCAUGHT EXCEPTION | router is not defined | ReferenceError: router is not defined
    at file:///C:/Users/ASUS%20TUF%20GAMING/Desktop/FullStack%202024/Proyecto-Final/ecommerce-api/server.js:26:1
    at ModuleJob.run (node:internal/modules/esm/module_job:274:25)
    at async onImport.tracePromise.__proto__ (node:internal/modules/esm/loader:644:26)
    at async asyncRunEntryPointWithESMLoader (node:internal/modules/run_main:117:5)
2025-08-14T06:04:10.780Z | UNCAUGHT EXCEPTION | router is not defined | ReferenceError: router is not defined
    at file:///C:/Users/ASUS%20TUF%20GAMING/Desktop/FullStack%202024/Proyecto-Final/ecommerce-api/server.js:27:1
    at ModuleJob.run (node:internal/modules/esm/module_job:274:25)
    at async onImport.tracePromise.__proto__ (node:internal/modules/esm/loader:644:26)
    at async asyncRunEntryPointWithESMLoader (node:internal/modules/run_main:117:5)
2025-08-14T06:04:23.936Z | UNCAUGHT EXCEPTION | router is not defined | ReferenceError: router is not defined
    at file:///C:/Users/ASUS%20TUF%20GAMING/Desktop/FullStack%202024/Proyecto-Final/ecommerce-api/server.js:27:1
    at ModuleJob.run (node:internal/modules/esm/module_job:274:25)
    at async onImport.tracePromise.__proto__ (node:internal/modules/esm/loader:644:26)
    at async asyncRunEntryPointWithESMLoader (node:internal/modules/run_main:117:5)
2025-08-14T06:04:45.824Z | UNCAUGHT EXCEPTION | router is not defined | ReferenceError: router is not defined
    at file:///C:/Users/ASUS%20TUF%20GAMING/Desktop/FullStack%202024/Proyecto-Final/ecommerce-api/server.js:27:1
    at ModuleJob.run (node:internal/modules/esm/module_job:274:25)
    at async onImport.tracePromise.__proto__ (node:internal/modules/esm/loader:644:26)
    at async asyncRunEntryPointWithESMLoader (node:internal/modules/run_main:117:5)
2025-08-14T06:05:31.325Z | UNCAUGHT EXCEPTION | router is not defined | ReferenceError: router is not defined
    at file:///C:/Users/ASUS%20TUF%20GAMING/Desktop/FullStack%202024/Proyecto-Final/ecommerce-api/server.js:27:1
    at ModuleJob.run (node:internal/modules/esm/module_job:274:25)
    at async onImport.tracePromise.__proto__ (node:internal/modules/esm/loader:644:26)
    at async asyncRunEntryPointWithESMLoader (node:internal/modules/run_main:117:5)
2025-08-14T06:08:44.478Z | UNCAUGHT EXCEPTION | router is not defined | ReferenceError: router is not defined
    at file:///C:/Users/ASUS%20TUF%20GAMING/Desktop/FullStack%202024/Proyecto-Final/ecommerce-api/server.js:27:1
    at ModuleJob.run (node:internal/modules/esm/module_job:274:25)
    at async onImport.tracePromise.__proto__ (node:internal/modules/esm/loader:644:26)
    at async asyncRunEntryPointWithESMLoader (node:internal/modules/run_main:117:5)
2025-08-14T06:14:16.998Z | UNCAUGHT EXCEPTION | router is not defined | ReferenceError: router is not defined
    at file:///C:/Users/ASUS%20TUF%20GAMING/Desktop/FullStack%202024/Proyecto-Final/ecommerce-api/server.js:27:1
    at ModuleJob.run (node:internal/modules/esm/module_job:274:25)
    at async onImport.tracePromise.__proto__ (node:internal/modules/esm/loader:644:26)
    at async asyncRunEntryPointWithESMLoader (node:internal/modules/run_main:117:5)
2025-08-14T06:27:56.778Z | UNCAUGHT EXCEPTION | router is not defined | ReferenceError: router is not defined
    at file:///C:/Users/ASUS%20TUF%20GAMING/Desktop/FullStack%202024/Proyecto-Final/ecommerce-api/server.js:28:1
    at ModuleJob.run (node:internal/modules/esm/module_job:274:25)
    at async onImport.tracePromise.__proto__ (node:internal/modules/esm/loader:644:26)
    at async asyncRunEntryPointWithESMLoader (node:internal/modules/run_main:117:5)
2025-08-14T06:29:16.859Z | UNCAUGHT EXCEPTION | router is not defined | ReferenceError: router is not defined
    at file:///C:/Users/ASUS%20TUF%20GAMING/Desktop/FullStack%202024/Proyecto-Final/ecommerce-api/server.js:27:1
    at ModuleJob.run (node:internal/modules/esm/module_job:274:25)
    at async onImport.tracePromise.__proto__ (node:internal/modules/esm/loader:644:26)
    at async asyncRunEntryPointWithESMLoader (node:internal/modules/run_main:117:5)
2025-08-14T06:31:08.206Z | UNCAUGHT EXCEPTION | router is not defined | ReferenceError: router is not defined
    at file:///C:/Users/ASUS%20TUF%20GAMING/Desktop/FullStack%202024/Proyecto-Final/ecommerce-api/server.js:27:1
    at ModuleJob.run (node:internal/modules/esm/module_job:274:25)
    at async onImport.tracePromise.__proto__ (node:internal/modules/esm/loader:644:26)
    at async asyncRunEntryPointWithESMLoader (node:internal/modules/run_main:117:5)
2025-08-14T06:31:30.398Z | UNCAUGHT EXCEPTION | router is not defined | ReferenceError: router is not defined
    at file:///C:/Users/ASUS%20TUF%20GAMING/Desktop/FullStack%202024/Proyecto-Final/ecommerce-api/server.js:27:1
    at ModuleJob.run (node:internal/modules/esm/module_job:274:25)
    at async onImport.tracePromise.__proto__ (node:internal/modules/esm/loader:644:26)
    at async asyncRunEntryPointWithESMLoader (node:internal/modules/run_main:117:5)
2025-08-14T06:32:24.199Z | UNCAUGHT EXCEPTION | router is not defined | ReferenceError: router is not defined
    at file:///C:/Users/ASUS%20TUF%20GAMING/Desktop/FullStack%202024/Proyecto-Final/ecommerce-api/server.js:27:1
    at ModuleJob.run (node:internal/modules/esm/module_job:274:25)
    at async onImport.tracePromise.__proto__ (node:internal/modules/esm/loader:644:26)
    at async asyncRunEntryPointWithESMLoader (node:internal/modules/run_main:117:5)
2025-08-14T06:40:12.008Z | UNCAUGHT EXCEPTION | router is not defined | ReferenceError: router is not defined
    at file:///C:/Users/ASUS%20TUF%20GAMING/Desktop/FullStack%202024/Proyecto-Final/ecommerce-api/server.js:27:1
    at ModuleJob.run (node:internal/modules/esm/module_job:274:25)
    at async onImport.tracePromise.__proto__ (node:internal/modules/esm/loader:644:26)
    at async asyncRunEntryPointWithESMLoader (node:internal/modules/run_main:117:5)
2025-08-14T06:49:57.819Z | UNCAUGHT EXCEPTION | router is not defined | ReferenceError: router is not defined
    at file:///C:/Users/ASUS%20TUF%20GAMING/Desktop/FullStack%202024/Proyecto-Final/ecommerce-api/server.js:27:1
    at ModuleJob.run (node:internal/modules/esm/module_job:274:25)
    at async onImport.tracePromise.__proto__ (node:internal/modules/esm/loader:644:26)
    at async asyncRunEntryPointWithESMLoader (node:internal/modules/run_main:117:5)
2025-08-14T06:50:25.994Z | UNCAUGHT EXCEPTION | router is not defined | ReferenceError: router is not defined
    at file:///C:/Users/ASUS%20TUF%20GAMING/Desktop/FullStack%202024/Proyecto-Final/ecommerce-api/server.js:27:1
    at ModuleJob.run (node:internal/modules/esm/module_job:274:25)
    at async onImport.tracePromise.__proto__ (node:internal/modules/esm/loader:644:26)
    at async asyncRunEntryPointWithESMLoader (node:internal/modules/run_main:117:5)
2025-08-14T07:00:35.481Z | POST /api/user | Expected property name or '}' in JSON at position 5 (line 2 column 3) | SyntaxError: Expected property name or '}' in JSON at position 5 (line 2 column 3)
    at JSON.parse (<anonymous>)
    at parse (C:\Users\ASUS TUF GAMING\Desktop\FullStack 2024\Proyecto-Final\ecommerce-api\node_modules\body-parser\lib\types\json.js:77:19)
    at C:\Users\ASUS TUF GAMING\Desktop\FullStack 2024\Proyecto-Final\ecommerce-api\node_modules\body-parser\lib\read.js:123:18
    at AsyncResource.runInAsyncScope (node:async_hooks:214:14)
    at invokeCallback (C:\Users\ASUS TUF GAMING\Desktop\FullStack 2024\Proyecto-Final\ecommerce-api\node_modules\raw-body\index.js:238:16)
    at done (C:\Users\ASUS TUF GAMING\Desktop\FullStack 2024\Proyecto-Final\ecommerce-api\node_modules\raw-body\index.js:227:7)
    at IncomingMessage.onEnd (C:\Users\ASUS TUF GAMING\Desktop\FullStack 2024\Proyecto-Final\ecommerce-api\node_modules\raw-body\index.js:287:7)
    at IncomingMessage.emit (node:events:518:28)
    at endReadableNT (node:internal/streams/readable:1698:12)
    at process.processTicksAndRejections (node:internal/process/task_queues:90:21)
2025-08-14T07:00:52.392Z | POST /api/user | Expected property name or '}' in JSON at position 5 (line 2 column 3) | SyntaxError: Expected property name or '}' in JSON at position 5 (line 2 column 3)
    at JSON.parse (<anonymous>)
    at parse (C:\Users\ASUS TUF GAMING\Desktop\FullStack 2024\Proyecto-Final\ecommerce-api\node_modules\body-parser\lib\types\json.js:77:19)
    at C:\Users\ASUS TUF GAMING\Desktop\FullStack 2024\Proyecto-Final\ecommerce-api\node_modules\body-parser\lib\read.js:123:18
    at AsyncResource.runInAsyncScope (node:async_hooks:214:14)
    at invokeCallback (C:\Users\ASUS TUF GAMING\Desktop\FullStack 2024\Proyecto-Final\ecommerce-api\node_modules\raw-body\index.js:238:16)
    at done (C:\Users\ASUS TUF GAMING\Desktop\FullStack 2024\Proyecto-Final\ecommerce-api\node_modules\raw-body\index.js:227:7)
    at IncomingMessage.onEnd (C:\Users\ASUS TUF GAMING\Desktop\FullStack 2024\Proyecto-Final\ecommerce-api\node_modules\raw-body\index.js:287:7)
    at IncomingMessage.emit (node:events:518:28)
    at endReadableNT (node:internal/streams/readable:1698:12)
    at process.processTicksAndRejections (node:internal/process/task_queues:90:21)
2025-08-14T07:02:55.339Z | POST /api/register | Expected property name or '}' in JSON at position 5 (line 2 column 3) | SyntaxError: Expected property name or '}' in JSON at position 5 (line 2 column 3)
    at JSON.parse (<anonymous>)
    at parse (C:\Users\ASUS TUF GAMING\Desktop\FullStack 2024\Proyecto-Final\ecommerce-api\node_modules\body-parser\lib\types\json.js:77:19)
    at C:\Users\ASUS TUF GAMING\Desktop\FullStack 2024\Proyecto-Final\ecommerce-api\node_modules\body-parser\lib\read.js:123:18
    at AsyncResource.runInAsyncScope (node:async_hooks:214:14)
    at invokeCallback (C:\Users\ASUS TUF GAMING\Desktop\FullStack 2024\Proyecto-Final\ecommerce-api\node_modules\raw-body\index.js:238:16)
    at done (C:\Users\ASUS TUF GAMING\Desktop\FullStack 2024\Proyecto-Final\ecommerce-api\node_modules\raw-body\index.js:227:7)
    at IncomingMessage.onEnd (C:\Users\ASUS TUF GAMING\Desktop\FullStack 2024\Proyecto-Final\ecommerce-api\node_modules\raw-body\index.js:287:7)
    at IncomingMessage.emit (node:events:518:28)
    at endReadableNT (node:internal/streams/readable:1698:12)
    at process.processTicksAndRejections (node:internal/process/task_queues:90:21)
2025-08-14T07:03:01.461Z | POST /api/register | Expected property name or '}' in JSON at position 5 (line 2 column 3) | SyntaxError: Expected property name or '}' in JSON at position 5 (line 2 column 3)
    at JSON.parse (<anonymous>)
    at parse (C:\Users\ASUS TUF GAMING\Desktop\FullStack 2024\Proyecto-Final\ecommerce-api\node_modules\body-parser\lib\types\json.js:77:19)
    at C:\Users\ASUS TUF GAMING\Desktop\FullStack 2024\Proyecto-Final\ecommerce-api\node_modules\body-parser\lib\read.js:123:18
    at AsyncResource.runInAsyncScope (node:async_hooks:214:14)
    at invokeCallback (C:\Users\ASUS TUF GAMING\Desktop\FullStack 2024\Proyecto-Final\ecommerce-api\node_modules\raw-body\index.js:238:16)
    at done (C:\Users\ASUS TUF GAMING\Desktop\FullStack 2024\Proyecto-Final\ecommerce-api\node_modules\raw-body\index.js:227:7)
    at IncomingMessage.onEnd (C:\Users\ASUS TUF GAMING\Desktop\FullStack 2024\Proyecto-Final\ecommerce-api\node_modules\raw-body\index.js:287:7)
    at IncomingMessage.emit (node:events:518:28)
    at endReadableNT (node:internal/streams/readable:1698:12)
    at process.processTicksAndRejections (node:internal/process/task_queues:90:21)
2025-08-14T07:03:08.572Z | POST /api/register | Expected property name or '}' in JSON at position 5 (line 2 column 3) | SyntaxError: Expected property name or '}' in JSON at position 5 (line 2 column 3)
    at JSON.parse (<anonymous>)
    at parse (C:\Users\ASUS TUF GAMING\Desktop\FullStack 2024\Proyecto-Final\ecommerce-api\node_modules\body-parser\lib\types\json.js:77:19)
    at C:\Users\ASUS TUF GAMING\Desktop\FullStack 2024\Proyecto-Final\ecommerce-api\node_modules\body-parser\lib\read.js:123:18
    at AsyncResource.runInAsyncScope (node:async_hooks:214:14)
    at invokeCallback (C:\Users\ASUS TUF GAMING\Desktop\FullStack 2024\Proyecto-Final\ecommerce-api\node_modules\raw-body\index.js:238:16)
    at done (C:\Users\ASUS TUF GAMING\Desktop\FullStack 2024\Proyecto-Final\ecommerce-api\node_modules\raw-body\index.js:227:7)
    at IncomingMessage.onEnd (C:\Users\ASUS TUF GAMING\Desktop\FullStack 2024\Proyecto-Final\ecommerce-api\node_modules\raw-body\index.js:287:7)
    at IncomingMessage.emit (node:events:518:28)
    at endReadableNT (node:internal/streams/readable:1698:12)
    at process.processTicksAndRejections (node:internal/process/task_queues:90:21)
2025-08-14T07:06:13.772Z | POST /api/products | Expected property name or '}' in JSON at position 5 (line 2 column 3) | SyntaxError: Expected property name or '}' in JSON at position 5 (line 2 column 3)
    at JSON.parse (<anonymous>)
    at parse (C:\Users\ASUS TUF GAMING\Desktop\FullStack 2024\Proyecto-Final\ecommerce-api\node_modules\body-parser\lib\types\json.js:77:19)
    at C:\Users\ASUS TUF GAMING\Desktop\FullStack 2024\Proyecto-Final\ecommerce-api\node_modules\body-parser\lib\read.js:123:18
    at AsyncResource.runInAsyncScope (node:async_hooks:214:14)
    at invokeCallback (C:\Users\ASUS TUF GAMING\Desktop\FullStack 2024\Proyecto-Final\ecommerce-api\node_modules\raw-body\index.js:238:16)
    at done (C:\Users\ASUS TUF GAMING\Desktop\FullStack 2024\Proyecto-Final\ecommerce-api\node_modules\raw-body\index.js:227:7)
    at IncomingMessage.onEnd (C:\Users\ASUS TUF GAMING\Desktop\FullStack 2024\Proyecto-Final\ecommerce-api\node_modules\raw-body\index.js:287:7)
    at IncomingMessage.emit (node:events:518:28)
    at endReadableNT (node:internal/streams/readable:1698:12)
    at process.processTicksAndRejections (node:internal/process/task_queues:90:21)
2025-08-14T07:06:15.160Z | POST /api/products | Expected property name or '}' in JSON at position 5 (line 2 column 3) | SyntaxError: Expected property name or '}' in JSON at position 5 (line 2 column 3)
    at JSON.parse (<anonymous>)
    at parse (C:\Users\ASUS TUF GAMING\Desktop\FullStack 2024\Proyecto-Final\ecommerce-api\node_modules\body-parser\lib\types\json.js:77:19)
    at C:\Users\ASUS TUF GAMING\Desktop\FullStack 2024\Proyecto-Final\ecommerce-api\node_modules\body-parser\lib\read.js:123:18
    at AsyncResource.runInAsyncScope (node:async_hooks:214:14)
    at invokeCallback (C:\Users\ASUS TUF GAMING\Desktop\FullStack 2024\Proyecto-Final\ecommerce-api\node_modules\raw-body\index.js:238:16)
    at done (C:\Users\ASUS TUF GAMING\Desktop\FullStack 2024\Proyecto-Final\ecommerce-api\node_modules\raw-body\index.js:227:7)
    at IncomingMessage.onEnd (C:\Users\ASUS TUF GAMING\Desktop\FullStack 2024\Proyecto-Final\ecommerce-api\node_modules\raw-body\index.js:287:7)
    at IncomingMessage.emit (node:events:518:28)
    at endReadableNT (node:internal/streams/readable:1698:12)
    at process.processTicksAndRejections (node:internal/process/task_queues:90:21)
2025-08-14T07:06:16.230Z | POST /api/products | Expected property name or '}' in JSON at position 5 (line 2 column 3) | SyntaxError: Expected property name or '}' in JSON at position 5 (line 2 column 3)
    at JSON.parse (<anonymous>)
    at parse (C:\Users\ASUS TUF GAMING\Desktop\FullStack 2024\Proyecto-Final\ecommerce-api\node_modules\body-parser\lib\types\json.js:77:19)
    at C:\Users\ASUS TUF GAMING\Desktop\FullStack 2024\Proyecto-Final\ecommerce-api\node_modules\body-parser\lib\read.js:123:18
    at AsyncResource.runInAsyncScope (node:async_hooks:214:14)
    at invokeCallback (C:\Users\ASUS TUF GAMING\Desktop\FullStack 2024\Proyecto-Final\ecommerce-api\node_modules\raw-body\index.js:238:16)
    at done (C:\Users\ASUS TUF GAMING\Desktop\FullStack 2024\Proyecto-Final\ecommerce-api\node_modules\raw-body\index.js:227:7)
    at IncomingMessage.onEnd (C:\Users\ASUS TUF GAMING\Desktop\FullStack 2024\Proyecto-Final\ecommerce-api\node_modules\raw-body\index.js:287:7)
    at IncomingMessage.emit (node:events:518:28)
    at endReadableNT (node:internal/streams/readable:1698:12)
    at process.processTicksAndRejections (node:internal/process/task_queues:90:21)
2025-08-14T07:06:17.065Z | POST /api/products | Expected property name or '}' in JSON at position 5 (line 2 column 3) | SyntaxError: Expected property name or '}' in JSON at position 5 (line 2 column 3)
    at JSON.parse (<anonymous>)
    at parse (C:\Users\ASUS TUF GAMING\Desktop\FullStack 2024\Proyecto-Final\ecommerce-api\node_modules\body-parser\lib\types\json.js:77:19)
    at C:\Users\ASUS TUF GAMING\Desktop\FullStack 2024\Proyecto-Final\ecommerce-api\node_modules\body-parser\lib\read.js:123:18
    at AsyncResource.runInAsyncScope (node:async_hooks:214:14)
    at invokeCallback (C:\Users\ASUS TUF GAMING\Desktop\FullStack 2024\Proyecto-Final\ecommerce-api\node_modules\raw-body\index.js:238:16)
    at done (C:\Users\ASUS TUF GAMING\Desktop\FullStack 2024\Proyecto-Final\ecommerce-api\node_modules\raw-body\index.js:227:7)
    at IncomingMessage.onEnd (C:\Users\ASUS TUF GAMING\Desktop\FullStack 2024\Proyecto-Final\ecommerce-api\node_modules\raw-body\index.js:287:7)
    at IncomingMessage.emit (node:events:518:28)
    at endReadableNT (node:internal/streams/readable:1698:12)
    at process.processTicksAndRejections (node:internal/process/task_queues:90:21)
2025-08-14T07:06:27.926Z | POST /api/products | Expected property name or '}' in JSON at position 5 (line 2 column 3) | SyntaxError: Expected property name or '}' in JSON at position 5 (line 2 column 3)
    at JSON.parse (<anonymous>)
    at parse (C:\Users\ASUS TUF GAMING\Desktop\FullStack 2024\Proyecto-Final\ecommerce-api\node_modules\body-parser\lib\types\json.js:77:19)
    at C:\Users\ASUS TUF GAMING\Desktop\FullStack 2024\Proyecto-Final\ecommerce-api\node_modules\body-parser\lib\read.js:123:18
    at AsyncResource.runInAsyncScope (node:async_hooks:214:14)
    at invokeCallback (C:\Users\ASUS TUF GAMING\Desktop\FullStack 2024\Proyecto-Final\ecommerce-api\node_modules\raw-body\index.js:238:16)
    at done (C:\Users\ASUS TUF GAMING\Desktop\FullStack 2024\Proyecto-Final\ecommerce-api\node_modules\raw-body\index.js:227:7)
    at IncomingMessage.onEnd (C:\Users\ASUS TUF GAMING\Desktop\FullStack 2024\Proyecto-Final\ecommerce-api\node_modules\raw-body\index.js:287:7)
    at IncomingMessage.emit (node:events:518:28)
    at endReadableNT (node:internal/streams/readable:1698:12)
    at process.processTicksAndRejections (node:internal/process/task_queues:90:21)
2025-08-14T07:06:29.005Z | POST /api/products | Expected property name or '}' in JSON at position 5 (line 2 column 3) | SyntaxError: Expected property name or '}' in JSON at position 5 (line 2 column 3)
    at JSON.parse (<anonymous>)
    at parse (C:\Users\ASUS TUF GAMING\Desktop\FullStack 2024\Proyecto-Final\ecommerce-api\node_modules\body-parser\lib\types\json.js:77:19)
    at C:\Users\ASUS TUF GAMING\Desktop\FullStack 2024\Proyecto-Final\ecommerce-api\node_modules\body-parser\lib\read.js:123:18
    at AsyncResource.runInAsyncScope (node:async_hooks:214:14)
    at invokeCallback (C:\Users\ASUS TUF GAMING\Desktop\FullStack 2024\Proyecto-Final\ecommerce-api\node_modules\raw-body\index.js:238:16)
    at done (C:\Users\ASUS TUF GAMING\Desktop\FullStack 2024\Proyecto-Final\ecommerce-api\node_modules\raw-body\index.js:227:7)
    at IncomingMessage.onEnd (C:\Users\ASUS TUF GAMING\Desktop\FullStack 2024\Proyecto-Final\ecommerce-api\node_modules\raw-body\index.js:287:7)
    at IncomingMessage.emit (node:events:518:28)
    at endReadableNT (node:internal/streams/readable:1698:12)
    at process.processTicksAndRejections (node:internal/process/task_queues:90:21)
2025-08-14T07:09:55.363Z | POST /api/products | Expected double-quoted property name in JSON at position 206 (line 8 column 1) | SyntaxError: Expected double-quoted property name in JSON at position 206 (line 8 column 1)
    at JSON.parse (<anonymous>)
    at parse (C:\Users\ASUS TUF GAMING\Desktop\FullStack 2024\Proyecto-Final\ecommerce-api\node_modules\body-parser\lib\types\json.js:77:19)
    at C:\Users\ASUS TUF GAMING\Desktop\FullStack 2024\Proyecto-Final\ecommerce-api\node_modules\body-parser\lib\read.js:123:18
    at AsyncResource.runInAsyncScope (node:async_hooks:214:14)
    at invokeCallback (C:\Users\ASUS TUF GAMING\Desktop\FullStack 2024\Proyecto-Final\ecommerce-api\node_modules\raw-body\index.js:238:16)
    at done (C:\Users\ASUS TUF GAMING\Desktop\FullStack 2024\Proyecto-Final\ecommerce-api\node_modules\raw-body\index.js:227:7)
    at IncomingMessage.onEnd (C:\Users\ASUS TUF GAMING\Desktop\FullStack 2024\Proyecto-Final\ecommerce-api\node_modules\raw-body\index.js:287:7)
    at IncomingMessage.emit (node:events:518:28)
    at endReadableNT (node:internal/streams/readable:1698:12)
    at process.processTicksAndRejections (node:internal/process/task_queues:90:21)
2025-08-14T07:09:56.809Z | POST /api/products | Expected double-quoted property name in JSON at position 206 (line 8 column 1) | SyntaxError: Expected double-quoted property name in JSON at position 206 (line 8 column 1)
    at JSON.parse (<anonymous>)
    at parse (C:\Users\ASUS TUF GAMING\Desktop\FullStack 2024\Proyecto-Final\ecommerce-api\node_modules\body-parser\lib\types\json.js:77:19)
    at C:\Users\ASUS TUF GAMING\Desktop\FullStack 2024\Proyecto-Final\ecommerce-api\node_modules\body-parser\lib\read.js:123:18
    at AsyncResource.runInAsyncScope (node:async_hooks:214:14)
    at invokeCallback (C:\Users\ASUS TUF GAMING\Desktop\FullStack 2024\Proyecto-Final\ecommerce-api\node_modules\raw-body\index.js:238:16)
    at done (C:\Users\ASUS TUF GAMING\Desktop\FullStack 2024\Proyecto-Final\ecommerce-api\node_modules\raw-body\index.js:227:7)
    at IncomingMessage.onEnd (C:\Users\ASUS TUF GAMING\Desktop\FullStack 2024\Proyecto-Final\ecommerce-api\node_modules\raw-body\index.js:287:7)
    at IncomingMessage.emit (node:events:518:28)
    at endReadableNT (node:internal/streams/readable:1698:12)
    at process.processTicksAndRejections (node:internal/process/task_queues:90:21)
2025-08-14T07:18:34.066Z | UNCAUGHT EXCEPTION | router is not defined | ReferenceError: router is not defined
    at file:///C:/Users/ASUS%20TUF%20GAMING/Desktop/FullStack%202024/Proyecto-Final/ecommerce-api/server.js:27:1
    at ModuleJob.run (node:internal/modules/esm/module_job:274:25)
    at async onImport.tracePromise.__proto__ (node:internal/modules/esm/loader:644:26)
    at async asyncRunEntryPointWithESMLoader (node:internal/modules/run_main:117:5)
2025-08-14T07:29:22.736Z | POST /api/register | Expected double-quoted property name in JSON at position 150 (line 7 column 1) | SyntaxError: Expected double-quoted property name in JSON at position 150 (line 7 column 1)
    at JSON.parse (<anonymous>)
    at parse (C:\Users\ASUS TUF GAMING\Desktop\FullStack 2024\Proyecto-Final\ecommerce-api\node_modules\body-parser\lib\types\json.js:77:19)
    at C:\Users\ASUS TUF GAMING\Desktop\FullStack 2024\Proyecto-Final\ecommerce-api\node_modules\body-parser\lib\read.js:123:18
    at AsyncResource.runInAsyncScope (node:async_hooks:214:14)
    at invokeCallback (C:\Users\ASUS TUF GAMING\Desktop\FullStack 2024\Proyecto-Final\ecommerce-api\node_modules\raw-body\index.js:238:16)
    at done (C:\Users\ASUS TUF GAMING\Desktop\FullStack 2024\Proyecto-Final\ecommerce-api\node_modules\raw-body\index.js:227:7)
    at IncomingMessage.onEnd (C:\Users\ASUS TUF GAMING\Desktop\FullStack 2024\Proyecto-Final\ecommerce-api\node_modules\raw-body\index.js:287:7)
    at IncomingMessage.emit (node:events:518:28)
    at endReadableNT (node:internal/streams/readable:1698:12)
    at process.processTicksAndRejections (node:internal/process/task_queues:90:21)
2025-08-14T07:31:34.766Z | POST /api/register | Expected double-quoted property name in JSON at position 152 (line 7 column 1) | SyntaxError: Expected double-quoted property name in JSON at position 152 (line 7 column 1)
    at JSON.parse (<anonymous>)
    at parse (C:\Users\ASUS TUF GAMING\Desktop\FullStack 2024\Proyecto-Final\ecommerce-api\node_modules\body-parser\lib\types\json.js:77:19)
    at C:\Users\ASUS TUF GAMING\Desktop\FullStack 2024\Proyecto-Final\ecommerce-api\node_modules\body-parser\lib\read.js:123:18
    at AsyncResource.runInAsyncScope (node:async_hooks:214:14)
    at invokeCallback (C:\Users\ASUS TUF GAMING\Desktop\FullStack 2024\Proyecto-Final\ecommerce-api\node_modules\raw-body\index.js:238:16)
    at done (C:\Users\ASUS TUF GAMING\Desktop\FullStack 2024\Proyecto-Final\ecommerce-api\node_modules\raw-body\index.js:227:7)
    at IncomingMessage.onEnd (C:\Users\ASUS TUF GAMING\Desktop\FullStack 2024\Proyecto-Final\ecommerce-api\node_modules\raw-body\index.js:287:7)
    at IncomingMessage.emit (node:events:518:28)
    at endReadableNT (node:internal/streams/readable:1698:12)
    at process.processTicksAndRejections (node:internal/process/task_queues:90:21)
2025-08-14T07:31:35.950Z | POST /api/register | Expected double-quoted property name in JSON at position 152 (line 7 column 1) | SyntaxError: Expected double-quoted property name in JSON at position 152 (line 7 column 1)
    at JSON.parse (<anonymous>)
    at parse (C:\Users\ASUS TUF GAMING\Desktop\FullStack 2024\Proyecto-Final\ecommerce-api\node_modules\body-parser\lib\types\json.js:77:19)
    at C:\Users\ASUS TUF GAMING\Desktop\FullStack 2024\Proyecto-Final\ecommerce-api\node_modules\body-parser\lib\read.js:123:18
    at AsyncResource.runInAsyncScope (node:async_hooks:214:14)
    at invokeCallback (C:\Users\ASUS TUF GAMING\Desktop\FullStack 2024\Proyecto-Final\ecommerce-api\node_modules\raw-body\index.js:238:16)
    at done (C:\Users\ASUS TUF GAMING\Desktop\FullStack 2024\Proyecto-Final\ecommerce-api\node_modules\raw-body\index.js:227:7)
    at IncomingMessage.onEnd (C:\Users\ASUS TUF GAMING\Desktop\FullStack 2024\Proyecto-Final\ecommerce-api\node_modules\raw-body\index.js:287:7)
    at IncomingMessage.emit (node:events:518:28)
    at endReadableNT (node:internal/streams/readable:1698:12)
    at process.processTicksAndRejections (node:internal/process/task_queues:90:21)
2025-08-14T07:32:32.786Z | POST /register | Expected double-quoted property name in JSON at position 152 (line 7 column 1) | SyntaxError: Expected double-quoted property name in JSON at position 152 (line 7 column 1)
    at JSON.parse (<anonymous>)
    at parse (C:\Users\ASUS TUF GAMING\Desktop\FullStack 2024\Proyecto-Final\ecommerce-api\node_modules\body-parser\lib\types\json.js:77:19)
    at C:\Users\ASUS TUF GAMING\Desktop\FullStack 2024\Proyecto-Final\ecommerce-api\node_modules\body-parser\lib\read.js:123:18
    at AsyncResource.runInAsyncScope (node:async_hooks:214:14)
    at invokeCallback (C:\Users\ASUS TUF GAMING\Desktop\FullStack 2024\Proyecto-Final\ecommerce-api\node_modules\raw-body\index.js:238:16)
    at done (C:\Users\ASUS TUF GAMING\Desktop\FullStack 2024\Proyecto-Final\ecommerce-api\node_modules\raw-body\index.js:227:7)
    at IncomingMessage.onEnd (C:\Users\ASUS TUF GAMING\Desktop\FullStack 2024\Proyecto-Final\ecommerce-api\node_modules\raw-body\index.js:287:7)
    at IncomingMessage.emit (node:events:518:28)
    at endReadableNT (node:internal/streams/readable:1698:12)
    at process.processTicksAndRejections (node:internal/process/task_queues:90:21)
2025-08-14T07:32:34.008Z | POST /register | Expected double-quoted property name in JSON at position 152 (line 7 column 1) | SyntaxError: Expected double-quoted property name in JSON at position 152 (line 7 column 1)
    at JSON.parse (<anonymous>)
    at parse (C:\Users\ASUS TUF GAMING\Desktop\FullStack 2024\Proyecto-Final\ecommerce-api\node_modules\body-parser\lib\types\json.js:77:19)
    at C:\Users\ASUS TUF GAMING\Desktop\FullStack 2024\Proyecto-Final\ecommerce-api\node_modules\body-parser\lib\read.js:123:18
    at AsyncResource.runInAsyncScope (node:async_hooks:214:14)
    at invokeCallback (C:\Users\ASUS TUF GAMING\Desktop\FullStack 2024\Proyecto-Final\ecommerce-api\node_modules\raw-body\index.js:238:16)
    at done (C:\Users\ASUS TUF GAMING\Desktop\FullStack 2024\Proyecto-Final\ecommerce-api\node_modules\raw-body\index.js:227:7)
    at IncomingMessage.onEnd (C:\Users\ASUS TUF GAMING\Desktop\FullStack 2024\Proyecto-Final\ecommerce-api\node_modules\raw-body\index.js:287:7)
    at IncomingMessage.emit (node:events:518:28)
    at endReadableNT (node:internal/streams/readable:1698:12)
    at process.processTicksAndRejections (node:internal/process/task_queues:90:21)
2025-08-14T07:32:36.876Z | POST /register | Expected double-quoted property name in JSON at position 152 (line 7 column 1) | SyntaxError: Expected double-quoted property name in JSON at position 152 (line 7 column 1)
    at JSON.parse (<anonymous>)
    at parse (C:\Users\ASUS TUF GAMING\Desktop\FullStack 2024\Proyecto-Final\ecommerce-api\node_modules\body-parser\lib\types\json.js:77:19)
    at C:\Users\ASUS TUF GAMING\Desktop\FullStack 2024\Proyecto-Final\ecommerce-api\node_modules\body-parser\lib\read.js:123:18
    at AsyncResource.runInAsyncScope (node:async_hooks:214:14)
    at invokeCallback (C:\Users\ASUS TUF GAMING\Desktop\FullStack 2024\Proyecto-Final\ecommerce-api\node_modules\raw-body\index.js:238:16)
    at done (C:\Users\ASUS TUF GAMING\Desktop\FullStack 2024\Proyecto-Final\ecommerce-api\node_modules\raw-body\index.js:227:7)
    at IncomingMessage.onEnd (C:\Users\ASUS TUF GAMING\Desktop\FullStack 2024\Proyecto-Final\ecommerce-api\node_modules\raw-body\index.js:287:7)
    at IncomingMessage.emit (node:events:518:28)
    at endReadableNT (node:internal/streams/readable:1698:12)
    at process.processTicksAndRejections (node:internal/process/task_queues:90:21)
2025-08-14T07:33:27.319Z | POST /register | Expected double-quoted property name in JSON at position 152 (line 7 column 1) | SyntaxError: Expected double-quoted property name in JSON at position 152 (line 7 column 1)
    at JSON.parse (<anonymous>)
    at parse (C:\Users\ASUS TUF GAMING\Desktop\FullStack 2024\Proyecto-Final\ecommerce-api\node_modules\body-parser\lib\types\json.js:77:19)
    at C:\Users\ASUS TUF GAMING\Desktop\FullStack 2024\Proyecto-Final\ecommerce-api\node_modules\body-parser\lib\read.js:123:18
    at AsyncResource.runInAsyncScope (node:async_hooks:214:14)
    at invokeCallback (C:\Users\ASUS TUF GAMING\Desktop\FullStack 2024\Proyecto-Final\ecommerce-api\node_modules\raw-body\index.js:238:16)
    at done (C:\Users\ASUS TUF GAMING\Desktop\FullStack 2024\Proyecto-Final\ecommerce-api\node_modules\raw-body\index.js:227:7)
    at IncomingMessage.onEnd (C:\Users\ASUS TUF GAMING\Desktop\FullStack 2024\Proyecto-Final\ecommerce-api\node_modules\raw-body\index.js:287:7)
    at IncomingMessage.emit (node:events:518:28)
    at endReadableNT (node:internal/streams/readable:1698:12)
    at process.processTicksAndRejections (node:internal/process/task_queues:90:21)
2025-08-14T07:35:59.966Z | POST /register | Expected double-quoted property name in JSON at position 173 (line 9 column 1) | SyntaxError: Expected double-quoted property name in JSON at position 173 (line 9 column 1)
    at JSON.parse (<anonymous>)
    at parse (C:\Users\ASUS TUF GAMING\Desktop\FullStack 2024\Proyecto-Final\ecommerce-api\node_modules\body-parser\lib\types\json.js:77:19)
    at C:\Users\ASUS TUF GAMING\Desktop\FullStack 2024\Proyecto-Final\ecommerce-api\node_modules\body-parser\lib\read.js:123:18
    at AsyncResource.runInAsyncScope (node:async_hooks:214:14)
    at invokeCallback (C:\Users\ASUS TUF GAMING\Desktop\FullStack 2024\Proyecto-Final\ecommerce-api\node_modules\raw-body\index.js:238:16)
    at done (C:\Users\ASUS TUF GAMING\Desktop\FullStack 2024\Proyecto-Final\ecommerce-api\node_modules\raw-body\index.js:227:7)
    at IncomingMessage.onEnd (C:\Users\ASUS TUF GAMING\Desktop\FullStack 2024\Proyecto-Final\ecommerce-api\node_modules\raw-body\index.js:287:7)
    at IncomingMessage.emit (node:events:518:28)
    at endReadableNT (node:internal/streams/readable:1698:12)
    at process.processTicksAndRejections (node:internal/process/task_queues:90:21)
2025-08-18T00:03:28.227Z | POST /api/auth/register | Expected double-quoted property name in JSON at position 156 (line 8 column 1) | SyntaxError: Expected double-quoted property name in JSON at position 156 (line 8 column 1)
    at JSON.parse (<anonymous>)
    at parse (C:\Users\ASUS TUF GAMING\Desktop\FullStack 2024\Proyecto-Final\ecommerce-api\node_modules\body-parser\lib\types\json.js:77:19)
    at C:\Users\ASUS TUF GAMING\Desktop\FullStack 2024\Proyecto-Final\ecommerce-api\node_modules\body-parser\lib\read.js:123:18
    at AsyncResource.runInAsyncScope (node:async_hooks:214:14)
    at invokeCallback (C:\Users\ASUS TUF GAMING\Desktop\FullStack 2024\Proyecto-Final\ecommerce-api\node_modules\raw-body\index.js:238:16)
    at done (C:\Users\ASUS TUF GAMING\Desktop\FullStack 2024\Proyecto-Final\ecommerce-api\node_modules\raw-body\index.js:227:7)
    at IncomingMessage.onEnd (C:\Users\ASUS TUF GAMING\Desktop\FullStack 2024\Proyecto-Final\ecommerce-api\node_modules\raw-body\index.js:287:7)
    at IncomingMessage.emit (node:events:518:28)
    at endReadableNT (node:internal/streams/readable:1698:12)
    at process.processTicksAndRejections (node:internal/process/task_queues:90:21)
2025-08-18T00:04:51.425Z | POST /api/auth/register | Expected double-quoted property name in JSON at position 158 (line 8 column 1) | SyntaxError: Expected double-quoted property name in JSON at position 158 (line 8 column 1)
    at JSON.parse (<anonymous>)
    at parse (C:\Users\ASUS TUF GAMING\Desktop\FullStack 2024\Proyecto-Final\ecommerce-api\node_modules\body-parser\lib\types\json.js:77:19)
    at C:\Users\ASUS TUF GAMING\Desktop\FullStack 2024\Proyecto-Final\ecommerce-api\node_modules\body-parser\lib\read.js:123:18
    at AsyncResource.runInAsyncScope (node:async_hooks:214:14)
    at invokeCallback (C:\Users\ASUS TUF GAMING\Desktop\FullStack 2024\Proyecto-Final\ecommerce-api\node_modules\raw-body\index.js:238:16)
    at done (C:\Users\ASUS TUF GAMING\Desktop\FullStack 2024\Proyecto-Final\ecommerce-api\node_modules\raw-body\index.js:227:7)
    at IncomingMessage.onEnd (C:\Users\ASUS TUF GAMING\Desktop\FullStack 2024\Proyecto-Final\ecommerce-api\node_modules\raw-body\index.js:287:7)
    at IncomingMessage.emit (node:events:518:28)
    at endReadableNT (node:internal/streams/readable:1698:12)
    at process.processTicksAndRejections (node:internal/process/task_queues:90:21)
2025-08-18T02:00:16.656Z | POST /api/auth/register | Unexpected non-whitespace character after JSON at position 165 (line 8 column 1) | SyntaxError: Unexpected non-whitespace character after JSON at position 165 (line 8 column 1)
    at JSON.parse (<anonymous>)
    at parse (C:\Users\ASUS TUF GAMING\Desktop\FullStack 2024\Proyecto-Final\ecommerce-api\node_modules\body-parser\lib\types\json.js:77:19)
    at C:\Users\ASUS TUF GAMING\Desktop\FullStack 2024\Proyecto-Final\ecommerce-api\node_modules\body-parser\lib\read.js:123:18
    at AsyncResource.runInAsyncScope (node:async_hooks:214:14)
    at invokeCallback (C:\Users\ASUS TUF GAMING\Desktop\FullStack 2024\Proyecto-Final\ecommerce-api\node_modules\raw-body\index.js:238:16)
    at done (C:\Users\ASUS TUF GAMING\Desktop\FullStack 2024\Proyecto-Final\ecommerce-api\node_modules\raw-body\index.js:227:7)
    at IncomingMessage.onEnd (C:\Users\ASUS TUF GAMING\Desktop\FullStack 2024\Proyecto-Final\ecommerce-api\node_modules\raw-body\index.js:287:7)
    at IncomingMessage.emit (node:events:518:28)
    at endReadableNT (node:internal/streams/readable:1698:12)
    at process.processTicksAndRejections (node:internal/process/task_queues:90:21)
2025-08-18T02:19:18.051Z | POST /api/products | next is not defined | ReferenceError: next is not defined
    at createProduct (file:///C:/Users/ASUS%20TUF%20GAMING/Desktop/FullStack%202024/Proyecto-Final/ecommerce-api/src/controllers/productController.js:77:5)
    at Layer.handleRequest (C:\Users\ASUS TUF GAMING\Desktop\FullStack 2024\Proyecto-Final\ecommerce-api\node_modules\router\lib\layer.js:152:17)
    at next (C:\Users\ASUS TUF GAMING\Desktop\FullStack 2024\Proyecto-Final\ecommerce-api\node_modules\router\lib\route.js:157:13)
    at isAdministrator (file:///C:/Users/ASUS%20TUF%20GAMING/Desktop/FullStack%202024/Proyecto-Final/ecommerce-api/src/middlewares/isAdministratorMiddleware.js:10:3)
    at Layer.handleRequest (C:\Users\ASUS TUF GAMING\Desktop\FullStack 2024\Proyecto-Final\ecommerce-api\node_modules\router\lib\layer.js:152:17)
    at next (C:\Users\ASUS TUF GAMING\Desktop\FullStack 2024\Proyecto-Final\ecommerce-api\node_modules\router\lib\route.js:157:13)
    at file:///C:/Users/ASUS%20TUF%20GAMING/Desktop/FullStack%202024/Proyecto-Final/ecommerce-api/src/middlewares/authMiddleware.js:15:5
    at C:\Users\ASUS TUF GAMING\Desktop\FullStack 2024\Proyecto-Final\ecommerce-api\node_modules\jsonwebtoken\verify.js:261:12
    at getSecret (C:\Users\ASUS TUF GAMING\Desktop\FullStack 2024\Proyecto-Final\ecommerce-api\node_modules\jsonwebtoken\verify.js:97:14)
    at module.exports [as verify] (C:\Users\ASUS TUF GAMING\Desktop\FullStack 2024\Proyecto-Final\ecommerce-api\node_modules\jsonwebtoken\verify.js:101:10)
2025-08-18T02:27:36.250Z | POST /api/products | next is not defined | ReferenceError: next is not defined
    at createProduct (file:///C:/Users/ASUS%20TUF%20GAMING/Desktop/FullStack%202024/Proyecto-Final/ecommerce-api/src/controllers/productController.js:77:5)
    at Layer.handleRequest (C:\Users\ASUS TUF GAMING\Desktop\FullStack 2024\Proyecto-Final\ecommerce-api\node_modules\router\lib\layer.js:152:17)
    at next (C:\Users\ASUS TUF GAMING\Desktop\FullStack 2024\Proyecto-Final\ecommerce-api\node_modules\router\lib\route.js:157:13)
    at isAdministrator (file:///C:/Users/ASUS%20TUF%20GAMING/Desktop/FullStack%202024/Proyecto-Final/ecommerce-api/src/middlewares/isAdministratorMiddleware.js:10:3)
    at Layer.handleRequest (C:\Users\ASUS TUF GAMING\Desktop\FullStack 2024\Proyecto-Final\ecommerce-api\node_modules\router\lib\layer.js:152:17)
    at next (C:\Users\ASUS TUF GAMING\Desktop\FullStack 2024\Proyecto-Final\ecommerce-api\node_modules\router\lib\route.js:157:13)
    at file:///C:/Users/ASUS%20TUF%20GAMING/Desktop/FullStack%202024/Proyecto-Final/ecommerce-api/src/middlewares/authMiddleware.js:15:5
    at C:\Users\ASUS TUF GAMING\Desktop\FullStack 2024\Proyecto-Final\ecommerce-api\node_modules\jsonwebtoken\verify.js:261:12
    at getSecret (C:\Users\ASUS TUF GAMING\Desktop\FullStack 2024\Proyecto-Final\ecommerce-api\node_modules\jsonwebtoken\verify.js:97:14)
    at module.exports [as verify] (C:\Users\ASUS TUF GAMING\Desktop\FullStack 2024\Proyecto-Final\ecommerce-api\node_modules\jsonwebtoken\verify.js:101:10)
2025-08-18T03:06:14.244Z | GET /api/products | Expected ',' or '}' after property value in JSON at position 267 (line 10 column 14) | SyntaxError: Expected ',' or '}' after property value in JSON at position 267 (line 10 column 14)
    at JSON.parse (<anonymous>)
    at parse (C:\Users\ASUS TUF GAMING\Desktop\FullStack 2024\Proyecto-Final\ecommerce-api\node_modules\body-parser\lib\types\json.js:77:19)
    at C:\Users\ASUS TUF GAMING\Desktop\FullStack 2024\Proyecto-Final\ecommerce-api\node_modules\body-parser\lib\read.js:123:18
    at AsyncResource.runInAsyncScope (node:async_hooks:214:14)
    at invokeCallback (C:\Users\ASUS TUF GAMING\Desktop\FullStack 2024\Proyecto-Final\ecommerce-api\node_modules\raw-body\index.js:238:16)
    at done (C:\Users\ASUS TUF GAMING\Desktop\FullStack 2024\Proyecto-Final\ecommerce-api\node_modules\raw-body\index.js:227:7)
    at IncomingMessage.onEnd (C:\Users\ASUS TUF GAMING\Desktop\FullStack 2024\Proyecto-Final\ecommerce-api\node_modules\raw-body\index.js:287:7)
    at IncomingMessage.emit (node:events:518:28)
    at endReadableNT (node:internal/streams/readable:1698:12)
    at process.processTicksAndRejections (node:internal/process/task_queues:90:21)
2025-08-18T03:10:42.030Z | POST /api/products | next is not defined | ReferenceError: next is not defined
    at createProduct (file:///C:/Users/ASUS%20TUF%20GAMING/Desktop/FullStack%202024/Proyecto-Final/ecommerce-api/src/controllers/productController.js:77:5)
    at Layer.handleRequest (C:\Users\ASUS TUF GAMING\Desktop\FullStack 2024\Proyecto-Final\ecommerce-api\node_modules\router\lib\layer.js:152:17)
    at next (C:\Users\ASUS TUF GAMING\Desktop\FullStack 2024\Proyecto-Final\ecommerce-api\node_modules\router\lib\route.js:157:13)
    at isAdministrator (file:///C:/Users/ASUS%20TUF%20GAMING/Desktop/FullStack%202024/Proyecto-Final/ecommerce-api/src/middlewares/isAdministratorMiddleware.js:10:3)
    at Layer.handleRequest (C:\Users\ASUS TUF GAMING\Desktop\FullStack 2024\Proyecto-Final\ecommerce-api\node_modules\router\lib\layer.js:152:17)
    at next (C:\Users\ASUS TUF GAMING\Desktop\FullStack 2024\Proyecto-Final\ecommerce-api\node_modules\router\lib\route.js:157:13)
    at file:///C:/Users/ASUS%20TUF%20GAMING/Desktop/FullStack%202024/Proyecto-Final/ecommerce-api/src/middlewares/authMiddleware.js:15:5
    at C:\Users\ASUS TUF GAMING\Desktop\FullStack 2024\Proyecto-Final\ecommerce-api\node_modules\jsonwebtoken\verify.js:261:12
    at getSecret (C:\Users\ASUS TUF GAMING\Desktop\FullStack 2024\Proyecto-Final\ecommerce-api\node_modules\jsonwebtoken\verify.js:97:14)
    at module.exports [as verify] (C:\Users\ASUS TUF GAMING\Desktop\FullStack 2024\Proyecto-Final\ecommerce-api\node_modules\jsonwebtoken\verify.js:101:10)
2025-08-18T03:18:47.234Z | POST /api/products | Expected ',' or '}' after property value in JSON at position 252 (line 9 column 14) | SyntaxError: Expected ',' or '}' after property value in JSON at position 252 (line 9 column 14)
    at JSON.parse (<anonymous>)
    at parse (C:\Users\ASUS TUF GAMING\Desktop\FullStack 2024\Proyecto-Final\ecommerce-api\node_modules\body-parser\lib\types\json.js:77:19)
    at C:\Users\ASUS TUF GAMING\Desktop\FullStack 2024\Proyecto-Final\ecommerce-api\node_modules\body-parser\lib\read.js:123:18
    at AsyncResource.runInAsyncScope (node:async_hooks:214:14)
    at invokeCallback (C:\Users\ASUS TUF GAMING\Desktop\FullStack 2024\Proyecto-Final\ecommerce-api\node_modules\raw-body\index.js:238:16)
    at done (C:\Users\ASUS TUF GAMING\Desktop\FullStack 2024\Proyecto-Final\ecommerce-api\node_modules\raw-body\index.js:227:7)
    at IncomingMessage.onEnd (C:\Users\ASUS TUF GAMING\Desktop\FullStack 2024\Proyecto-Final\ecommerce-api\node_modules\raw-body\index.js:287:7)
    at IncomingMessage.emit (node:events:518:28)
    at endReadableNT (node:internal/streams/readable:1698:12)
    at process.processTicksAndRejections (node:internal/process/task_queues:90:21)
2025-08-18T03:22:17.016Z | POST /api/products | next is not defined | ReferenceError: next is not defined
    at createProduct (file:///C:/Users/ASUS%20TUF%20GAMING/Desktop/FullStack%202024/Proyecto-Final/ecommerce-api/src/controllers/productController.js:77:5)
    at process.processTicksAndRejections (node:internal/process/task_queues:105:5)
2025-08-18T03:23:40.201Z | POST /api/products | next is not defined | ReferenceError: next is not defined
    at createProduct (file:///C:/Users/ASUS%20TUF%20GAMING/Desktop/FullStack%202024/Proyecto-Final/ecommerce-api/src/controllers/productController.js:77:5)
    at process.processTicksAndRejections (node:internal/process/task_queues:105:5)
2025-08-18T03:24:24.184Z | POST /api/products | next is not defined | ReferenceError: next is not defined
    at createProduct (file:///C:/Users/ASUS%20TUF%20GAMING/Desktop/FullStack%202024/Proyecto-Final/ecommerce-api/src/controllers/productController.js:77:5)
    at process.processTicksAndRejections (node:internal/process/task_queues:105:5)
2025-08-18T03:30:24.563Z | POST /api/products | next is not defined | ReferenceError: next is not defined
    at createProduct (file:///C:/Users/ASUS%20TUF%20GAMING/Desktop/FullStack%202024/Proyecto-Final/ecommerce-api/src/controllers/productController.js:77:5)
    at process.processTicksAndRejections (node:internal/process/task_queues:105:5)
2025-08-18T16:13:53.814Z | POST /api/categories | Expected ',' or '}' after property value in JSON at position 22 (line 3 column 3) | SyntaxError: Expected ',' or '}' after property value in JSON at position 22 (line 3 column 3)
    at JSON.parse (<anonymous>)
    at parse (C:\Users\ASUS TUF GAMING\Desktop\FullStack 2024\Proyecto-Final\ecommerce-api\node_modules\body-parser\lib\types\json.js:77:19)
    at C:\Users\ASUS TUF GAMING\Desktop\FullStack 2024\Proyecto-Final\ecommerce-api\node_modules\body-parser\lib\read.js:123:18
    at AsyncResource.runInAsyncScope (node:async_hooks:214:14)
    at invokeCallback (C:\Users\ASUS TUF GAMING\Desktop\FullStack 2024\Proyecto-Final\ecommerce-api\node_modules\raw-body\index.js:238:16)
    at done (C:\Users\ASUS TUF GAMING\Desktop\FullStack 2024\Proyecto-Final\ecommerce-api\node_modules\raw-body\index.js:227:7)
    at IncomingMessage.onEnd (C:\Users\ASUS TUF GAMING\Desktop\FullStack 2024\Proyecto-Final\ecommerce-api\node_modules\raw-body\index.js:287:7)
    at IncomingMessage.emit (node:events:518:28)
    at endReadableNT (node:internal/streams/readable:1698:12)
    at process.processTicksAndRejections (node:internal/process/task_queues:90:21)
2025-08-18T16:44:49.538Z | POST /api/products | next is not defined | ReferenceError: next is not defined
    at createProduct (file:///C:/Users/ASUS%20TUF%20GAMING/Desktop/FullStack%202024/Proyecto-Final/ecommerce-api/src/controllers/productController.js:77:5)
    at process.processTicksAndRejections (node:internal/process/task_queues:105:5)
2025-08-18T16:46:30.251Z | POST /api/products | next is not defined | ReferenceError: next is not defined
    at createProduct (file:///C:/Users/ASUS%20TUF%20GAMING/Desktop/FullStack%202024/Proyecto-Final/ecommerce-api/src/controllers/productController.js:77:5)
    at process.processTicksAndRejections (node:internal/process/task_queues:105:5)
2025-08-18T16:48:02.920Z | POST /api/products | next is not defined | ReferenceError: next is not defined
    at createProduct (file:///C:/Users/ASUS%20TUF%20GAMING/Desktop/FullStack%202024/Proyecto-Final/ecommerce-api/src/controllers/productController.js:77:5)
    at process.processTicksAndRejections (node:internal/process/task_queues:105:5)
2025-08-18T16:56:14.927Z | PUT /api/products/68a35a05993e54e015ceeef3 | next is not defined | ReferenceError: next is not defined
    at updateProduct (file:///C:/Users/ASUS%20TUF%20GAMING/Desktop/FullStack%202024/Proyecto-Final/ecommerce-api/src/controllers/productController.js:102:5)
    at process.processTicksAndRejections (node:internal/process/task_queues:105:5)
2025-08-18T16:57:28.786Z | PUT /api/products/68a35a05993e54e015ceeef3 | next is not defined | ReferenceError: next is not defined
    at updateProduct (file:///C:/Users/ASUS%20TUF%20GAMING/Desktop/FullStack%202024/Proyecto-Final/ecommerce-api/src/controllers/productController.js:102:5)
    at process.processTicksAndRejections (node:internal/process/task_queues:105:5)
2025-08-18T16:58:34.549Z | PUT /api/products/68a35a05993e54e015ceeef3 | next is not defined | ReferenceError: next is not defined
    at updateProduct (file:///C:/Users/ASUS%20TUF%20GAMING/Desktop/FullStack%202024/Proyecto-Final/ecommerce-api/src/controllers/productController.js:102:5)
    at process.processTicksAndRejections (node:internal/process/task_queues:105:5)
2025-08-19T03:54:12.938Z | GET /api/cart | Expected ',' or '}' after property value in JSON at position 64 (line 6 column 3) | SyntaxError: Expected ',' or '}' after property value in JSON at position 64 (line 6 column 3)
    at JSON.parse (<anonymous>)
    at parse (C:\Users\ASUS TUF GAMING\Desktop\FullStack 2024\Proyecto-Final\ecommerce-api\node_modules\body-parser\lib\types\json.js:77:19)
    at C:\Users\ASUS TUF GAMING\Desktop\FullStack 2024\Proyecto-Final\ecommerce-api\node_modules\body-parser\lib\read.js:123:18
    at AsyncResource.runInAsyncScope (node:async_hooks:214:14)
    at invokeCallback (C:\Users\ASUS TUF GAMING\Desktop\FullStack 2024\Proyecto-Final\ecommerce-api\node_modules\raw-body\index.js:238:16)
    at done (C:\Users\ASUS TUF GAMING\Desktop\FullStack 2024\Proyecto-Final\ecommerce-api\node_modules\raw-body\index.js:227:7)
    at IncomingMessage.onEnd (C:\Users\ASUS TUF GAMING\Desktop\FullStack 2024\Proyecto-Final\ecommerce-api\node_modules\raw-body\index.js:287:7)
    at IncomingMessage.emit (node:events:518:28)
    at endReadableNT (node:internal/streams/readable:1698:12)
    at process.processTicksAndRejections (node:internal/process/task_queues:90:21)
2025-08-19T03:54:47.088Z | GET /api/cart | Expected ',' or '}' after property value in JSON at position 64 (line 6 column 3) | SyntaxError: Expected ',' or '}' after property value in JSON at position 64 (line 6 column 3)
    at JSON.parse (<anonymous>)
    at parse (C:\Users\ASUS TUF GAMING\Desktop\FullStack 2024\Proyecto-Final\ecommerce-api\node_modules\body-parser\lib\types\json.js:77:19)
    at C:\Users\ASUS TUF GAMING\Desktop\FullStack 2024\Proyecto-Final\ecommerce-api\node_modules\body-parser\lib\read.js:123:18
    at AsyncResource.runInAsyncScope (node:async_hooks:214:14)
    at invokeCallback (C:\Users\ASUS TUF GAMING\Desktop\FullStack 2024\Proyecto-Final\ecommerce-api\node_modules\raw-body\index.js:238:16)
    at done (C:\Users\ASUS TUF GAMING\Desktop\FullStack 2024\Proyecto-Final\ecommerce-api\node_modules\raw-body\index.js:227:7)
    at IncomingMessage.onEnd (C:\Users\ASUS TUF GAMING\Desktop\FullStack 2024\Proyecto-Final\ecommerce-api\node_modules\raw-body\index.js:287:7)
    at IncomingMessage.emit (node:events:518:28)
    at endReadableNT (node:internal/streams/readable:1698:12)
    at process.processTicksAndRejections (node:internal/process/task_queues:90:21)
2025-08-19T03:55:00.589Z | GET /api/cart | Expected ',' or ']' after array element in JSON at position 42 (line 5 column 16) | SyntaxError: Expected ',' or ']' after array element in JSON at position 42 (line 5 column 16)
    at JSON.parse (<anonymous>)
    at parse (C:\Users\ASUS TUF GAMING\Desktop\FullStack 2024\Proyecto-Final\ecommerce-api\node_modules\body-parser\lib\types\json.js:77:19)
    at C:\Users\ASUS TUF GAMING\Desktop\FullStack 2024\Proyecto-Final\ecommerce-api\node_modules\body-parser\lib\read.js:123:18
    at AsyncResource.runInAsyncScope (node:async_hooks:214:14)
    at invokeCallback (C:\Users\ASUS TUF GAMING\Desktop\FullStack 2024\Proyecto-Final\ecommerce-api\node_modules\raw-body\index.js:238:16)
    at done (C:\Users\ASUS TUF GAMING\Desktop\FullStack 2024\Proyecto-Final\ecommerce-api\node_modules\raw-body\index.js:227:7)
    at IncomingMessage.onEnd (C:\Users\ASUS TUF GAMING\Desktop\FullStack 2024\Proyecto-Final\ecommerce-api\node_modules\raw-body\index.js:287:7)
    at IncomingMessage.emit (node:events:518:28)
    at endReadableNT (node:internal/streams/readable:1698:12)
    at process.processTicksAndRejections (node:internal/process/task_queues:90:21)
2025-08-19T19:45:49.372Z | POST /api/cart | Expected property name or '}' in JSON at position 5 (line 2 column 3) | SyntaxError: Expected property name or '}' in JSON at position 5 (line 2 column 3)
    at JSON.parse (<anonymous>)
    at parse (C:\Users\ASUS TUF GAMING\Desktop\FullStack 2024\Proyecto-Final\ecommerce-api\node_modules\body-parser\lib\types\json.js:77:19)
    at C:\Users\ASUS TUF GAMING\Desktop\FullStack 2024\Proyecto-Final\ecommerce-api\node_modules\body-parser\lib\read.js:123:18
    at AsyncResource.runInAsyncScope (node:async_hooks:214:14)
    at invokeCallback (C:\Users\ASUS TUF GAMING\Desktop\FullStack 2024\Proyecto-Final\ecommerce-api\node_modules\raw-body\index.js:238:16)
    at done (C:\Users\ASUS TUF GAMING\Desktop\FullStack 2024\Proyecto-Final\ecommerce-api\node_modules\raw-body\index.js:227:7)
    at IncomingMessage.onEnd (C:\Users\ASUS TUF GAMING\Desktop\FullStack 2024\Proyecto-Final\ecommerce-api\node_modules\raw-body\index.js:287:7)
    at IncomingMessage.emit (node:events:518:28)
    at endReadableNT (node:internal/streams/readable:1698:12)
    at process.processTicksAndRejections (node:internal/process/task_queues:90:21)
2025-08-20T18:41:39.897Z | PUT /api/user/68a28a3804568bf95e2c111a | Unexpected non-whitespace character after JSON at position 340 (line 10 column 10) | SyntaxError: Unexpected non-whitespace character after JSON at position 340 (line 10 column 10)
    at JSON.parse (<anonymous>)
    at parse (C:\Users\ASUS TUF GAMING\Desktop\FullStack 2024\Proyecto-Final\ecommerce-api\node_modules\body-parser\lib\types\json.js:77:19)
    at C:\Users\ASUS TUF GAMING\Desktop\FullStack 2024\Proyecto-Final\ecommerce-api\node_modules\body-parser\lib\read.js:123:18
    at AsyncResource.runInAsyncScope (node:async_hooks:214:14)
    at invokeCallback (C:\Users\ASUS TUF GAMING\Desktop\FullStack 2024\Proyecto-Final\ecommerce-api\node_modules\raw-body\index.js:238:16)
    at done (C:\Users\ASUS TUF GAMING\Desktop\FullStack 2024\Proyecto-Final\ecommerce-api\node_modules\raw-body\index.js:227:7)
    at IncomingMessage.onEnd (C:\Users\ASUS TUF GAMING\Desktop\FullStack 2024\Proyecto-Final\ecommerce-api\node_modules\raw-body\index.js:287:7)
    at IncomingMessage.emit (node:events:518:28)
    at endReadableNT (node:internal/streams/readable:1698:12)
    at process.processTicksAndRejections (node:internal/process/task_queues:90:21)
2025-08-20T19:06:23.288Z | PUT /ap/user/toggle-status/68a289ab04568bf95e2c1104 | Expected double-quoted property name in JSON at position 50 (line 3 column 9) | SyntaxError: Expected double-quoted property name in JSON at position 50 (line 3 column 9)
    at JSON.parse (<anonymous>)
    at parse (C:\Users\ASUS TUF GAMING\Desktop\FullStack 2024\Proyecto-Final\ecommerce-api\node_modules\body-parser\lib\types\json.js:77:19)
    at C:\Users\ASUS TUF GAMING\Desktop\FullStack 2024\Proyecto-Final\ecommerce-api\node_modules\body-parser\lib\read.js:123:18
    at AsyncResource.runInAsyncScope (node:async_hooks:214:14)
    at invokeCallback (C:\Users\ASUS TUF GAMING\Desktop\FullStack 2024\Proyecto-Final\ecommerce-api\node_modules\raw-body\index.js:238:16)
    at done (C:\Users\ASUS TUF GAMING\Desktop\FullStack 2024\Proyecto-Final\ecommerce-api\node_modules\raw-body\index.js:227:7)
    at IncomingMessage.onEnd (C:\Users\ASUS TUF GAMING\Desktop\FullStack 2024\Proyecto-Final\ecommerce-api\node_modules\raw-body\index.js:287:7)
    at IncomingMessage.emit (node:events:518:28)
    at endReadableNT (node:internal/streams/readable:1698:12)
    at process.processTicksAndRejections (node:internal/process/task_queues:90:21)
2025-08-21T19:25:11.978Z | POST /api/cart | next is not defined | ReferenceError: next is not defined
    at createCart (file:///C:/Users/ASUS%20TUF%20GAMING/Desktop/FullStack%202024/Proyecto-Final/ecommerce-api/src/controllers/cartController.js:63:5)
    at process.processTicksAndRejections (node:internal/process/task_queues:105:5)
2025-08-21T19:25:52.590Z | POST /api/cart | next is not defined | ReferenceError: next is not defined
    at createCart (file:///C:/Users/ASUS%20TUF%20GAMING/Desktop/FullStack%202024/Proyecto-Final/ecommerce-api/src/controllers/cartController.js:63:5)
    at process.processTicksAndRejections (node:internal/process/task_queues:105:5)
2025-08-22T03:10:09.198Z | POST /api/cart/add-product | Expected ',' or '}' after property value in JSON at position 105 (line 5 column 16) | SyntaxError: Expected ',' or '}' after property value in JSON at position 105 (line 5 column 16)
    at JSON.parse (<anonymous>)
    at parse (C:\Users\ASUS TUF GAMING\Desktop\FullStack 2024\Proyecto-Final\ecommerce-api\node_modules\body-parser\lib\types\json.js:77:19)
    at C:\Users\ASUS TUF GAMING\Desktop\FullStack 2024\Proyecto-Final\ecommerce-api\node_modules\body-parser\lib\read.js:123:18
    at AsyncResource.runInAsyncScope (node:async_hooks:214:14)
    at invokeCallback (C:\Users\ASUS TUF GAMING\Desktop\FullStack 2024\Proyecto-Final\ecommerce-api\node_modules\raw-body\index.js:238:16)
    at done (C:\Users\ASUS TUF GAMING\Desktop\FullStack 2024\Proyecto-Final\ecommerce-api\node_modules\raw-body\index.js:227:7)
    at IncomingMessage.onEnd (C:\Users\ASUS TUF GAMING\Desktop\FullStack 2024\Proyecto-Final\ecommerce-api\node_modules\raw-body\index.js:287:7)
    at IncomingMessage.emit (node:events:518:28)
    at endReadableNT (node:internal/streams/readable:1698:12)
    at process.processTicksAndRejections (node:internal/process/task_queues:90:21)
2025-08-22T17:19:27.750Z | POST /api/notifications | next is not defined | ReferenceError: next is not defined
    at createNotification (file:///C:/Users/ASUS%20TUF%20GAMING/Desktop/FullStack%202024/Proyecto-Final/ecommerce-api/src/controllers/notificationController.js:54:5)
    at Layer.handleRequest (C:\Users\ASUS TUF GAMING\Desktop\FullStack 2024\Proyecto-Final\ecommerce-api\node_modules\router\lib\layer.js:152:17)
    at next (C:\Users\ASUS TUF GAMING\Desktop\FullStack 2024\Proyecto-Final\ecommerce-api\node_modules\router\lib\route.js:157:13)
    at file:///C:/Users/ASUS%20TUF%20GAMING/Desktop/FullStack%202024/Proyecto-Final/ecommerce-api/src/middlewares/authMiddleware.js:15:5
    at C:\Users\ASUS TUF GAMING\Desktop\FullStack 2024\Proyecto-Final\ecommerce-api\node_modules\jsonwebtoken\verify.js:261:12
    at getSecret (C:\Users\ASUS TUF GAMING\Desktop\FullStack 2024\Proyecto-Final\ecommerce-api\node_modules\jsonwebtoken\verify.js:97:14)
    at module.exports [as verify] (C:\Users\ASUS TUF GAMING\Desktop\FullStack 2024\Proyecto-Final\ecommerce-api\node_modules\jsonwebtoken\verify.js:101:10)
    at authMiddleware (file:///C:/Users/ASUS%20TUF%20GAMING/Desktop/FullStack%202024/Proyecto-Final/ecommerce-api/src/middlewares/authMiddleware.js:10:7)
    at Layer.handleRequest (C:\Users\ASUS TUF GAMING\Desktop\FullStack 2024\Proyecto-Final\ecommerce-api\node_modules\router\lib\layer.js:152:17)
    at next (C:\Users\ASUS TUF GAMING\Desktop\FullStack 2024\Proyecto-Final\ecommerce-api\node_modules\router\lib\route.js:157:13)
2025-08-22T17:19:34.330Z | POST /api/notifications | next is not defined | ReferenceError: next is not defined
    at createNotification (file:///C:/Users/ASUS%20TUF%20GAMING/Desktop/FullStack%202024/Proyecto-Final/ecommerce-api/src/controllers/notificationController.js:54:5)
    at Layer.handleRequest (C:\Users\ASUS TUF GAMING\Desktop\FullStack 2024\Proyecto-Final\ecommerce-api\node_modules\router\lib\layer.js:152:17)
    at next (C:\Users\ASUS TUF GAMING\Desktop\FullStack 2024\Proyecto-Final\ecommerce-api\node_modules\router\lib\route.js:157:13)
    at file:///C:/Users/ASUS%20TUF%20GAMING/Desktop/FullStack%202024/Proyecto-Final/ecommerce-api/src/middlewares/authMiddleware.js:15:5
    at C:\Users\ASUS TUF GAMING\Desktop\FullStack 2024\Proyecto-Final\ecommerce-api\node_modules\jsonwebtoken\verify.js:261:12
    at getSecret (C:\Users\ASUS TUF GAMING\Desktop\FullStack 2024\Proyecto-Final\ecommerce-api\node_modules\jsonwebtoken\verify.js:97:14)
    at module.exports [as verify] (C:\Users\ASUS TUF GAMING\Desktop\FullStack 2024\Proyecto-Final\ecommerce-api\node_modules\jsonwebtoken\verify.js:101:10)
    at authMiddleware (file:///C:/Users/ASUS%20TUF%20GAMING/Desktop/FullStack%202024/Proyecto-Final/ecommerce-api/src/middlewares/authMiddleware.js:10:7)
    at Layer.handleRequest (C:\Users\ASUS TUF GAMING\Desktop\FullStack 2024\Proyecto-Final\ecommerce-api\node_modules\router\lib\layer.js:152:17)
    at next (C:\Users\ASUS TUF GAMING\Desktop\FullStack 2024\Proyecto-Final\ecommerce-api\node_modules\router\lib\route.js:157:13)
2025-08-22T17:19:51.982Z | POST /api/notifications | next is not defined | ReferenceError: next is not defined
    at createNotification (file:///C:/Users/ASUS%20TUF%20GAMING/Desktop/FullStack%202024/Proyecto-Final/ecommerce-api/src/controllers/notificationController.js:54:5)
    at Layer.handleRequest (C:\Users\ASUS TUF GAMING\Desktop\FullStack 2024\Proyecto-Final\ecommerce-api\node_modules\router\lib\layer.js:152:17)
    at next (C:\Users\ASUS TUF GAMING\Desktop\FullStack 2024\Proyecto-Final\ecommerce-api\node_modules\router\lib\route.js:157:13)
    at file:///C:/Users/ASUS%20TUF%20GAMING/Desktop/FullStack%202024/Proyecto-Final/ecommerce-api/src/middlewares/authMiddleware.js:15:5
    at C:\Users\ASUS TUF GAMING\Desktop\FullStack 2024\Proyecto-Final\ecommerce-api\node_modules\jsonwebtoken\verify.js:261:12
    at getSecret (C:\Users\ASUS TUF GAMING\Desktop\FullStack 2024\Proyecto-Final\ecommerce-api\node_modules\jsonwebtoken\verify.js:97:14)
    at module.exports [as verify] (C:\Users\ASUS TUF GAMING\Desktop\FullStack 2024\Proyecto-Final\ecommerce-api\node_modules\jsonwebtoken\verify.js:101:10)
    at authMiddleware (file:///C:/Users/ASUS%20TUF%20GAMING/Desktop/FullStack%202024/Proyecto-Final/ecommerce-api/src/middlewares/authMiddleware.js:10:7)
    at Layer.handleRequest (C:\Users\ASUS TUF GAMING\Desktop\FullStack 2024\Proyecto-Final\ecommerce-api\node_modules\router\lib\layer.js:152:17)
    at next (C:\Users\ASUS TUF GAMING\Desktop\FullStack 2024\Proyecto-Final\ecommerce-api\node_modules\router\lib\route.js:157:13)
2025-08-22T17:20:52.276Z | POST /api/notifications | next is not defined | ReferenceError: next is not defined
    at createNotification (file:///C:/Users/ASUS%20TUF%20GAMING/Desktop/FullStack%202024/Proyecto-Final/ecommerce-api/src/controllers/notificationController.js:54:5)
    at Layer.handleRequest (C:\Users\ASUS TUF GAMING\Desktop\FullStack 2024\Proyecto-Final\ecommerce-api\node_modules\router\lib\layer.js:152:17)
    at next (C:\Users\ASUS TUF GAMING\Desktop\FullStack 2024\Proyecto-Final\ecommerce-api\node_modules\router\lib\route.js:157:13)
    at file:///C:/Users/ASUS%20TUF%20GAMING/Desktop/FullStack%202024/Proyecto-Final/ecommerce-api/src/middlewares/authMiddleware.js:15:5
    at C:\Users\ASUS TUF GAMING\Desktop\FullStack 2024\Proyecto-Final\ecommerce-api\node_modules\jsonwebtoken\verify.js:261:12
    at getSecret (C:\Users\ASUS TUF GAMING\Desktop\FullStack 2024\Proyecto-Final\ecommerce-api\node_modules\jsonwebtoken\verify.js:97:14)
    at module.exports [as verify] (C:\Users\ASUS TUF GAMING\Desktop\FullStack 2024\Proyecto-Final\ecommerce-api\node_modules\jsonwebtoken\verify.js:101:10)
    at authMiddleware (file:///C:/Users/ASUS%20TUF%20GAMING/Desktop/FullStack%202024/Proyecto-Final/ecommerce-api/src/middlewares/authMiddleware.js:10:7)
    at Layer.handleRequest (C:\Users\ASUS TUF GAMING\Desktop\FullStack 2024\Proyecto-Final\ecommerce-api\node_modules\router\lib\layer.js:152:17)
    at next (C:\Users\ASUS TUF GAMING\Desktop\FullStack 2024\Proyecto-Final\ecommerce-api\node_modules\router\lib\route.js:157:13)
2025-08-22T17:25:39.165Z | POST /api/notifications | next is not defined | ReferenceError: next is not defined
    at createNotification (file:///C:/Users/ASUS%20TUF%20GAMING/Desktop/FullStack%202024/Proyecto-Final/ecommerce-api/src/controllers/notificationController.js:54:5)
    at Layer.handleRequest (C:\Users\ASUS TUF GAMING\Desktop\FullStack 2024\Proyecto-Final\ecommerce-api\node_modules\router\lib\layer.js:152:17)
    at next (C:\Users\ASUS TUF GAMING\Desktop\FullStack 2024\Proyecto-Final\ecommerce-api\node_modules\router\lib\route.js:157:13)
    at file:///C:/Users/ASUS%20TUF%20GAMING/Desktop/FullStack%202024/Proyecto-Final/ecommerce-api/src/middlewares/authMiddleware.js:15:5
    at C:\Users\ASUS TUF GAMING\Desktop\FullStack 2024\Proyecto-Final\ecommerce-api\node_modules\jsonwebtoken\verify.js:261:12
    at getSecret (C:\Users\ASUS TUF GAMING\Desktop\FullStack 2024\Proyecto-Final\ecommerce-api\node_modules\jsonwebtoken\verify.js:97:14)
    at module.exports [as verify] (C:\Users\ASUS TUF GAMING\Desktop\FullStack 2024\Proyecto-Final\ecommerce-api\node_modules\jsonwebtoken\verify.js:101:10)
    at authMiddleware (file:///C:/Users/ASUS%20TUF%20GAMING/Desktop/FullStack%202024/Proyecto-Final/ecommerce-api/src/middlewares/authMiddleware.js:10:7)
    at Layer.handleRequest (C:\Users\ASUS TUF GAMING\Desktop\FullStack 2024\Proyecto-Final\ecommerce-api\node_modules\router\lib\layer.js:152:17)
    at next (C:\Users\ASUS TUF GAMING\Desktop\FullStack 2024\Proyecto-Final\ecommerce-api\node_modules\router\lib\route.js:157:13)
2025-08-22T17:28:09.038Z | POST /api/notifications | next is not defined | ReferenceError: next is not defined
    at createNotification (file:///C:/Users/ASUS%20TUF%20GAMING/Desktop/FullStack%202024/Proyecto-Final/ecommerce-api/src/controllers/notificationController.js:54:5)
    at Layer.handleRequest (C:\Users\ASUS TUF GAMING\Desktop\FullStack 2024\Proyecto-Final\ecommerce-api\node_modules\router\lib\layer.js:152:17)
    at next (C:\Users\ASUS TUF GAMING\Desktop\FullStack 2024\Proyecto-Final\ecommerce-api\node_modules\router\lib\route.js:157:13)
    at file:///C:/Users/ASUS%20TUF%20GAMING/Desktop/FullStack%202024/Proyecto-Final/ecommerce-api/src/middlewares/authMiddleware.js:15:5
    at C:\Users\ASUS TUF GAMING\Desktop\FullStack 2024\Proyecto-Final\ecommerce-api\node_modules\jsonwebtoken\verify.js:261:12
    at getSecret (C:\Users\ASUS TUF GAMING\Desktop\FullStack 2024\Proyecto-Final\ecommerce-api\node_modules\jsonwebtoken\verify.js:97:14)
    at module.exports [as verify] (C:\Users\ASUS TUF GAMING\Desktop\FullStack 2024\Proyecto-Final\ecommerce-api\node_modules\jsonwebtoken\verify.js:101:10)
    at authMiddleware (file:///C:/Users/ASUS%20TUF%20GAMING/Desktop/FullStack%202024/Proyecto-Final/ecommerce-api/src/middlewares/authMiddleware.js:10:7)
    at Layer.handleRequest (C:\Users\ASUS TUF GAMING\Desktop\FullStack 2024\Proyecto-Final\ecommerce-api\node_modules\router\lib\layer.js:152:17)
    at next (C:\Users\ASUS TUF GAMING\Desktop\FullStack 2024\Proyecto-Final\ecommerce-api\node_modules\router\lib\route.js:157:13)
2025-08-22T17:32:54.395Z | POST /api/notifications | next is not defined | ReferenceError: next is not defined
    at createNotification (file:///C:/Users/ASUS%20TUF%20GAMING/Desktop/FullStack%202024/Proyecto-Final/ecommerce-api/src/controllers/notificationController.js:54:5)
    at Layer.handleRequest (C:\Users\ASUS TUF GAMING\Desktop\FullStack 2024\Proyecto-Final\ecommerce-api\node_modules\router\lib\layer.js:152:17)
    at next (C:\Users\ASUS TUF GAMING\Desktop\FullStack 2024\Proyecto-Final\ecommerce-api\node_modules\router\lib\route.js:157:13)
    at file:///C:/Users/ASUS%20TUF%20GAMING/Desktop/FullStack%202024/Proyecto-Final/ecommerce-api/src/middlewares/authMiddleware.js:15:5
    at C:\Users\ASUS TUF GAMING\Desktop\FullStack 2024\Proyecto-Final\ecommerce-api\node_modules\jsonwebtoken\verify.js:261:12
    at getSecret (C:\Users\ASUS TUF GAMING\Desktop\FullStack 2024\Proyecto-Final\ecommerce-api\node_modules\jsonwebtoken\verify.js:97:14)
    at module.exports [as verify] (C:\Users\ASUS TUF GAMING\Desktop\FullStack 2024\Proyecto-Final\ecommerce-api\node_modules\jsonwebtoken\verify.js:101:10)
    at authMiddleware (file:///C:/Users/ASUS%20TUF%20GAMING/Desktop/FullStack%202024/Proyecto-Final/ecommerce-api/src/middlewares/authMiddleware.js:10:7)
    at Layer.handleRequest (C:\Users\ASUS TUF GAMING\Desktop\FullStack 2024\Proyecto-Final\ecommerce-api\node_modules\router\lib\layer.js:152:17)
    at next (C:\Users\ASUS TUF GAMING\Desktop\FullStack 2024\Proyecto-Final\ecommerce-api\node_modules\router\lib\route.js:157:13)
2025-08-22T17:33:36.360Z | POST /api/notifications | next is not defined | ReferenceError: next is not defined
    at createNotification (file:///C:/Users/ASUS%20TUF%20GAMING/Desktop/FullStack%202024/Proyecto-Final/ecommerce-api/src/controllers/notificationController.js:54:5)
    at Layer.handleRequest (C:\Users\ASUS TUF GAMING\Desktop\FullStack 2024\Proyecto-Final\ecommerce-api\node_modules\router\lib\layer.js:152:17)
    at next (C:\Users\ASUS TUF GAMING\Desktop\FullStack 2024\Proyecto-Final\ecommerce-api\node_modules\router\lib\route.js:157:13)
    at file:///C:/Users/ASUS%20TUF%20GAMING/Desktop/FullStack%202024/Proyecto-Final/ecommerce-api/src/middlewares/authMiddleware.js:15:5
    at C:\Users\ASUS TUF GAMING\Desktop\FullStack 2024\Proyecto-Final\ecommerce-api\node_modules\jsonwebtoken\verify.js:261:12
    at getSecret (C:\Users\ASUS TUF GAMING\Desktop\FullStack 2024\Proyecto-Final\ecommerce-api\node_modules\jsonwebtoken\verify.js:97:14)
    at module.exports [as verify] (C:\Users\ASUS TUF GAMING\Desktop\FullStack 2024\Proyecto-Final\ecommerce-api\node_modules\jsonwebtoken\verify.js:101:10)
    at authMiddleware (file:///C:/Users/ASUS%20TUF%20GAMING/Desktop/FullStack%202024/Proyecto-Final/ecommerce-api/src/middlewares/authMiddleware.js:10:7)
    at Layer.handleRequest (C:\Users\ASUS TUF GAMING\Desktop\FullStack 2024\Proyecto-Final\ecommerce-api\node_modules\router\lib\layer.js:152:17)
    at next (C:\Users\ASUS TUF GAMING\Desktop\FullStack 2024\Proyecto-Final\ecommerce-api\node_modules\router\lib\route.js:157:13)
2025-08-22T17:34:55.911Z | POST /api/notifications | next is not defined | ReferenceError: next is not defined
    at createNotification (file:///C:/Users/ASUS%20TUF%20GAMING/Desktop/FullStack%202024/Proyecto-Final/ecommerce-api/src/controllers/notificationController.js:54:5)
    at Layer.handleRequest (C:\Users\ASUS TUF GAMING\Desktop\FullStack 2024\Proyecto-Final\ecommerce-api\node_modules\router\lib\layer.js:152:17)
    at next (C:\Users\ASUS TUF GAMING\Desktop\FullStack 2024\Proyecto-Final\ecommerce-api\node_modules\router\lib\route.js:157:13)
    at file:///C:/Users/ASUS%20TUF%20GAMING/Desktop/FullStack%202024/Proyecto-Final/ecommerce-api/src/middlewares/authMiddleware.js:15:5
    at C:\Users\ASUS TUF GAMING\Desktop\FullStack 2024\Proyecto-Final\ecommerce-api\node_modules\jsonwebtoken\verify.js:261:12
    at getSecret (C:\Users\ASUS TUF GAMING\Desktop\FullStack 2024\Proyecto-Final\ecommerce-api\node_modules\jsonwebtoken\verify.js:97:14)
    at module.exports [as verify] (C:\Users\ASUS TUF GAMING\Desktop\FullStack 2024\Proyecto-Final\ecommerce-api\node_modules\jsonwebtoken\verify.js:101:10)
    at authMiddleware (file:///C:/Users/ASUS%20TUF%20GAMING/Desktop/FullStack%202024/Proyecto-Final/ecommerce-api/src/middlewares/authMiddleware.js:10:7)
    at Layer.handleRequest (C:\Users\ASUS TUF GAMING\Desktop\FullStack 2024\Proyecto-Final\ecommerce-api\node_modules\router\lib\layer.js:152:17)
    at next (C:\Users\ASUS TUF GAMING\Desktop\FullStack 2024\Proyecto-Final\ecommerce-api\node_modules\router\lib\route.js:157:13)
2025-08-22T18:18:06.114Z | POST /api/notifications | next is not defined | ReferenceError: next is not defined
    at createNotification (file:///C:/Users/ASUS%20TUF%20GAMING/Desktop/FullStack%202024/Proyecto-Final/ecommerce-api/src/controllers/notificationController.js:54:5)
    at Layer.handleRequest (C:\Users\ASUS TUF GAMING\Desktop\FullStack 2024\Proyecto-Final\ecommerce-api\node_modules\router\lib\layer.js:152:17)
    at next (C:\Users\ASUS TUF GAMING\Desktop\FullStack 2024\Proyecto-Final\ecommerce-api\node_modules\router\lib\route.js:157:13)
    at file:///C:/Users/ASUS%20TUF%20GAMING/Desktop/FullStack%202024/Proyecto-Final/ecommerce-api/src/middlewares/authMiddleware.js:15:5
    at C:\Users\ASUS TUF GAMING\Desktop\FullStack 2024\Proyecto-Final\ecommerce-api\node_modules\jsonwebtoken\verify.js:261:12
    at getSecret (C:\Users\ASUS TUF GAMING\Desktop\FullStack 2024\Proyecto-Final\ecommerce-api\node_modules\jsonwebtoken\verify.js:97:14)
    at module.exports [as verify] (C:\Users\ASUS TUF GAMING\Desktop\FullStack 2024\Proyecto-Final\ecommerce-api\node_modules\jsonwebtoken\verify.js:101:10)
    at authMiddleware (file:///C:/Users/ASUS%20TUF%20GAMING/Desktop/FullStack%202024/Proyecto-Final/ecommerce-api/src/middlewares/authMiddleware.js:10:7)
    at Layer.handleRequest (C:\Users\ASUS TUF GAMING\Desktop\FullStack 2024\Proyecto-Final\ecommerce-api\node_modules\router\lib\layer.js:152:17)
    at next (C:\Users\ASUS TUF GAMING\Desktop\FullStack 2024\Proyecto-Final\ecommerce-api\node_modules\router\lib\route.js:157:13)
2025-08-22T18:19:12.937Z | POST /api/notifications | next is not defined | ReferenceError: next is not defined
    at createNotification (file:///C:/Users/ASUS%20TUF%20GAMING/Desktop/FullStack%202024/Proyecto-Final/ecommerce-api/src/controllers/notificationController.js:54:5)
    at Layer.handleRequest (C:\Users\ASUS TUF GAMING\Desktop\FullStack 2024\Proyecto-Final\ecommerce-api\node_modules\router\lib\layer.js:152:17)
    at next (C:\Users\ASUS TUF GAMING\Desktop\FullStack 2024\Proyecto-Final\ecommerce-api\node_modules\router\lib\route.js:157:13)
    at file:///C:/Users/ASUS%20TUF%20GAMING/Desktop/FullStack%202024/Proyecto-Final/ecommerce-api/src/middlewares/authMiddleware.js:15:5
    at C:\Users\ASUS TUF GAMING\Desktop\FullStack 2024\Proyecto-Final\ecommerce-api\node_modules\jsonwebtoken\verify.js:261:12
    at getSecret (C:\Users\ASUS TUF GAMING\Desktop\FullStack 2024\Proyecto-Final\ecommerce-api\node_modules\jsonwebtoken\verify.js:97:14)
    at module.exports [as verify] (C:\Users\ASUS TUF GAMING\Desktop\FullStack 2024\Proyecto-Final\ecommerce-api\node_modules\jsonwebtoken\verify.js:101:10)
    at authMiddleware (file:///C:/Users/ASUS%20TUF%20GAMING/Desktop/FullStack%202024/Proyecto-Final/ecommerce-api/src/middlewares/authMiddleware.js:10:7)
    at Layer.handleRequest (C:\Users\ASUS TUF GAMING\Desktop\FullStack 2024\Proyecto-Final\ecommerce-api\node_modules\router\lib\layer.js:152:17)
    at next (C:\Users\ASUS TUF GAMING\Desktop\FullStack 2024\Proyecto-Final\ecommerce-api\node_modules\router\lib\route.js:157:13)
2025-08-22T18:20:24.806Z | POST /api/notifications | next is not defined | ReferenceError: next is not defined
    at createNotification (file:///C:/Users/ASUS%20TUF%20GAMING/Desktop/FullStack%202024/Proyecto-Final/ecommerce-api/src/controllers/notificationController.js:54:5)
    at Layer.handleRequest (C:\Users\ASUS TUF GAMING\Desktop\FullStack 2024\Proyecto-Final\ecommerce-api\node_modules\router\lib\layer.js:152:17)
    at next (C:\Users\ASUS TUF GAMING\Desktop\FullStack 2024\Proyecto-Final\ecommerce-api\node_modules\router\lib\route.js:157:13)
    at file:///C:/Users/ASUS%20TUF%20GAMING/Desktop/FullStack%202024/Proyecto-Final/ecommerce-api/src/middlewares/authMiddleware.js:15:5
    at C:\Users\ASUS TUF GAMING\Desktop\FullStack 2024\Proyecto-Final\ecommerce-api\node_modules\jsonwebtoken\verify.js:261:12
    at getSecret (C:\Users\ASUS TUF GAMING\Desktop\FullStack 2024\Proyecto-Final\ecommerce-api\node_modules\jsonwebtoken\verify.js:97:14)
    at module.exports [as verify] (C:\Users\ASUS TUF GAMING\Desktop\FullStack 2024\Proyecto-Final\ecommerce-api\node_modules\jsonwebtoken\verify.js:101:10)
    at authMiddleware (file:///C:/Users/ASUS%20TUF%20GAMING/Desktop/FullStack%202024/Proyecto-Final/ecommerce-api/src/middlewares/authMiddleware.js:10:7)
    at Layer.handleRequest (C:\Users\ASUS TUF GAMING\Desktop\FullStack 2024\Proyecto-Final\ecommerce-api\node_modules\router\lib\layer.js:152:17)
    at next (C:\Users\ASUS TUF GAMING\Desktop\FullStack 2024\Proyecto-Final\ecommerce-api\node_modules\router\lib\route.js:157:13)
2025-08-22T18:59:46.302Z | PUT /api/notifications/68a8b7b3dc46f69fcb4bfca5 | next is not defined | ReferenceError: next is not defined
    at updateNotification (file:///C:/Users/ASUS%20TUF%20GAMING/Desktop/FullStack%202024/Proyecto-Final/ecommerce-api/src/controllers/notificationController.js:74:5)
    at Layer.handleRequest (C:\Users\ASUS TUF GAMING\Desktop\FullStack 2024\Proyecto-Final\ecommerce-api\node_modules\router\lib\layer.js:152:17)
    at next (C:\Users\ASUS TUF GAMING\Desktop\FullStack 2024\Proyecto-Final\ecommerce-api\node_modules\router\lib\route.js:157:13)
    at isAdministrator (file:///C:/Users/ASUS%20TUF%20GAMING/Desktop/FullStack%202024/Proyecto-Final/ecommerce-api/src/middlewares/isAdministratorMiddleware.js:10:3)
    at Layer.handleRequest (C:\Users\ASUS TUF GAMING\Desktop\FullStack 2024\Proyecto-Final\ecommerce-api\node_modules\router\lib\layer.js:152:17)
    at next (C:\Users\ASUS TUF GAMING\Desktop\FullStack 2024\Proyecto-Final\ecommerce-api\node_modules\router\lib\route.js:157:13)
    at file:///C:/Users/ASUS%20TUF%20GAMING/Desktop/FullStack%202024/Proyecto-Final/ecommerce-api/src/middlewares/authMiddleware.js:15:5
    at C:\Users\ASUS TUF GAMING\Desktop\FullStack 2024\Proyecto-Final\ecommerce-api\node_modules\jsonwebtoken\verify.js:261:12
    at getSecret (C:\Users\ASUS TUF GAMING\Desktop\FullStack 2024\Proyecto-Final\ecommerce-api\node_modules\jsonwebtoken\verify.js:97:14)
    at module.exports [as verify] (C:\Users\ASUS TUF GAMING\Desktop\FullStack 2024\Proyecto-Final\ecommerce-api\node_modules\jsonwebtoken\verify.js:101:10)
2025-08-23T00:30:02.937Z | POST /api/orders | next is not defined | ReferenceError: next is not defined
    at createOrder (file:///C:/Users/ASUS%20TUF%20GAMING/Desktop/FullStack%202024/Proyecto-Final/ecommerce-api/src/controllers/orderController.js:103:5)
    at process.processTicksAndRejections (node:internal/process/task_queues:105:5)
