
 RUN  v4.0.17 C:/Users/ASUS TUF GAMING/Desktop/FullStack 2024/Proyecto-Final/ecommerce-api

stdout | src/__tests__/reviews.integration.test.js
[dotenv@17.2.1] injecting env (5) from .env -- tip: ⚙️  suppress all logs with { quiet: true }

stdout | src/__tests__/reviews.integration.test.js
[dotenv@17.2.1] injecting env (0) from .env -- tip: 📡 auto-backup env with Radar: https://dotenvx.com/radar

stdout | src/__tests__/reviews.integration.test.js > Reviews Integration Tests > INT-RE-01 should create a new review
2026-03-04T02:36:10.342Z | POST /api/auth/login

stdout | src/__tests__/reviews.integration.test.js > Reviews Integration Tests > INT-RE-01 should create a new review
2026-03-04T02:36:10.441Z | POST /api/review

stdout | src/__tests__/reviews.integration.test.js > Reviews Integration Tests > INT-RE-02 should get reviews for a specific product
2026-03-04T02:36:10.556Z | POST /api/auth/login

 × src/__tests__/reviews.integration.test.js > Reviews Integration Tests > INT-RE-01 should create a new review 252ms
   → expected 'Review created successfully' to be 'Review added successfully' // Object.is equality
stdout | src/__tests__/reviews.integration.test.js > Reviews Integration Tests > INT-RE-02 should get reviews for a specific product
2026-03-04T02:36:10.641Z | POST /api/review

stdout | src/__tests__/reviews.integration.test.js > Reviews Integration Tests > INT-RE-02 should get reviews for a specific product
2026-03-04T02:36:10.654Z | GET /api/review/product/69a79a9a7ae0f992218e3384

 ✓ src/__tests__/reviews.integration.test.js > Reviews Integration Tests > INT-RE-02 should get reviews for a specific product 187ms
stdout | src/__tests__/reviews.integration.test.js > Reviews Integration Tests > INT-RE-03 should get my reviews (authenticated user)
2026-03-04T02:36:10.752Z | POST /api/auth/login

stdout | src/__tests__/reviews.integration.test.js > Reviews Integration Tests > INT-RE-03 should get my reviews (authenticated user)
2026-03-04T02:36:10.840Z | POST /api/review

stdout | src/__tests__/reviews.integration.test.js > Reviews Integration Tests > INT-RE-03 should get my reviews (authenticated user)
2026-03-04T02:36:10.851Z | GET /api/my-reviews

stdout | src/__tests__/reviews.integration.test.js > Reviews Integration Tests > INT-RE-04 should update an existing review
2026-03-04T02:36:10.950Z | POST /api/auth/login

 × src/__tests__/reviews.integration.test.js > Reviews Integration Tests > INT-RE-03 should get my reviews (authenticated user) 197ms
   → Cannot read properties of undefined (reading 'toString')
stdout | src/__tests__/reviews.integration.test.js > Reviews Integration Tests > INT-RE-04 should update an existing review
2026-03-04T02:36:11.029Z | POST /api/review

stdout | src/__tests__/reviews.integration.test.js > Reviews Integration Tests > INT-RE-04 should update an existing review
2026-03-04T02:36:11.040Z | PUT /api/review/69a79a9b7ae0f992218e33b7

 ✓ src/__tests__/reviews.integration.test.js > Reviews Integration Tests > INT-RE-04 should update an existing review 190ms
stdout | src/__tests__/reviews.integration.test.js > Reviews Integration Tests > INT-RE-05 should delete an existing review
2026-03-04T02:36:11.131Z | POST /api/auth/login

stdout | src/__tests__/reviews.integration.test.js > Reviews Integration Tests > INT-RE-05 should delete an existing review
2026-03-04T02:36:11.210Z | POST /api/review

stdout | src/__tests__/reviews.integration.test.js > Reviews Integration Tests > INT-RE-05 should delete an existing review
2026-03-04T02:36:11.220Z | DELETE /api/review/69a79a9b7ae0f992218e33cf

 ✓ src/__tests__/reviews.integration.test.js > Reviews Integration Tests > INT-RE-05 should delete an existing review 175ms

⎯⎯⎯⎯⎯⎯⎯ Failed Tests 2 ⎯⎯⎯⎯⎯⎯⎯

 FAIL  src/__tests__/reviews.integration.test.js > Reviews Integration Tests > INT-RE-01 should create a new review
AssertionError: expected 'Review created successfully' to be 'Review added successfully' // Object.is equality

Expected: [32m"Review [7madd[27med successfully"[39m
Received: [31m"Review [7mcreat[27med successfully"[39m

 ❯ src/__tests__/reviews.integration.test.js:52:30
     50| 
     51|     expect(res.status).toBe(201);
     52|     expect(res.body.message).toBe('Review added successfully');
       |                              ^
     53|     expect(res.body.review.rating).toBe(5);
     54|   });

⎯⎯⎯⎯⎯⎯⎯⎯⎯⎯⎯⎯⎯⎯⎯⎯⎯⎯⎯⎯⎯⎯⎯⎯[1/2]⎯

 FAIL  src/__tests__/reviews.integration.test.js > Reviews Integration Tests > INT-RE-03 should get my reviews (authenticated user)
TypeError: Cannot read properties of undefined (reading 'toString')
 ❯ src/__tests__/reviews.integration.test.js:82:41
     80|     expect(res.status).toBe(200);
     81|     expect(res.body.reviews).toHaveLength(1);
     82|     expect(res.body.reviews[0].user._id.toString()).toBe(user._id.toSt…
       |                                         ^
     83|   });
     84| 

⎯⎯⎯⎯⎯⎯⎯⎯⎯⎯⎯⎯⎯⎯⎯⎯⎯⎯⎯⎯⎯⎯⎯⎯[2/2]⎯


 Test Files  1 failed (1)
      Tests  2 failed | 3 passed (5)
   Start at  20:36:08
   Duration  3.23s (transform 267ms, setup 613ms, import 654ms, tests 1.72s, environment 0ms)

